<?xml version="1.0" encoding="UTF-8"?>
<!-- Generated by org.testng.reporters.JUnitXMLReporter -->
<testsuite ignored="0" hostname="tahmid_anon" failures="4" tests="12" name="Test" time="515.233" errors="0" timestamp="2025-03-07T23:14:19 GMT+06:00">
  <testcase classname="testCases.TC021_AdministratorsAddTest" name="administratorsAdd" time="14.089">
    <failure type="java.lang.AssertionError" message="Test failed due to an exception: Expected condition failed: waiting for presence of element located by: By.xpath: //td[contains(normalize-space(), &amp;quot;Elon Musk&amp;quot;)] (tried for 10 second(s) with 500 milliseconds interval)">
      <![CDATA[java.lang.AssertionError: Test failed due to an exception: Expected condition failed: waiting for presence of element located by: By.xpath: //td[contains(normalize-space(), "Elon Musk")] (tried for 10 second(s) with 500 milliseconds interval)
at testCases.TC021_AdministratorsAddTest.administratorsAdd(TC021_AdministratorsAddTest.java:61)
at java.base/java.util.ArrayList.forEach(ArrayList.java:1597)
... Removed 26 stack frames]]>
    </failure>
  </testcase> <!-- administratorsAdd -->
  <testcase classname="testCases.TC022_AdministratorsEditTest" name="administratorsEdit" time="0.0">
    <skipped/>
  </testcase> <!-- administratorsEdit -->
  <testcase classname="testCases.TC023_AdministratorsDeleteTest" name="administratorsDelete" time="0.0">
    <skipped/>
  </testcase> <!-- administratorsDelete -->
  <testcase classname="testCases.TC024_DeliveryBoyAddTest" name="deliveryBoyAdd" time="2.774">
    <failure type="java.lang.AssertionError" message="Test failed due to an exception: element click intercepted: Element &amp;lt;span class=&amp;quot;text-base flex-auto&amp;quot;&amp;gt;...&amp;lt;/span&amp;gt; is not clickable at point (143, 806). Other element would receive the click: &amp;lt;div data-v-2964abc9=&amp;quot;&amp;quot; class=&amp;quot;velmld-full-screen velmld-overlay&amp;quot; style=&amp;quot;background-color: rgba(255, 255, 255, 0.9);&amp;quot;&amp;gt;...&amp;lt;/div&amp;gt;
  (Session info: chrome=134.0.6998.36)
Build info: version: &amp;apos;4.29.0&amp;apos;, revision: &amp;apos;5fc1ec94cb&amp;apos;
System info: os.name: &amp;apos;Windows 11&amp;apos;, os.arch: &amp;apos;amd64&amp;apos;, os.version: &amp;apos;10.0&amp;apos;, java.version: &amp;apos;23.0.1&amp;apos;
Driver info: org.openqa.selenium.chrome.ChromeDriver
Command: [a7da8b325a4cbf3ce703710a06fa282a, clickElement {id=f.90211E9AC2512E0DE6030F3A89B2A9C1.d.281E0B8FEA06E3FEC984491F137276FB.e.154}]
Capabilities {acceptInsecureCerts: false, browserName: chrome, browserVersion: 134.0.6998.36, chrome: {chromedriverVersion: 134.0.6998.35 (ea6ef4c2ac15..., userDataDir: C:\Users\tahmi\AppData\Loca...}, fedcm:accounts: true, goog:chromeOptions: {debuggerAddress: localhost:57869}, networkConnectionEnabled: false, pageLoadStrategy: normal, platformName: windows, proxy: Proxy(), se:cdp: ws://localhost:57869/devtoo..., se:cdpVersion: 134.0.6998.36, setWindowRect: true, strictFileInteractability: false, timeouts: {implicit: 0, pageLoad: 300000, script: 30000}, unhandledPromptBehavior: dismiss and notify, webauthn:extension:credBlob: true, webauthn:extension:largeBlob: true, webauthn:extension:minPinLength: true, webauthn:extension:prf: true, webauthn:virtualAuthenticators: true}
Element: [[ChromeDriver: chrome on windows (a7da8b325a4cbf3ce703710a06fa282a)] -&amp;gt; xpath: (//span[normalize-space()=&amp;apos;Delivery Boys&amp;apos;])[1]]
Session ID: a7da8b325a4cbf3ce703710a06fa282a">
      <![CDATA[java.lang.AssertionError: Test failed due to an exception: element click intercepted: Element <span class="text-base flex-auto">...</span> is not clickable at point (143, 806). Other element would receive the click: <div data-v-2964abc9="" class="velmld-full-screen velmld-overlay" style="background-color: rgba(255, 255, 255, 0.9);">...</div>
  (Session info: chrome=134.0.6998.36)
Build info: version: '4.29.0', revision: '5fc1ec94cb'
System info: os.name: 'Windows 11', os.arch: 'amd64', os.version: '10.0', java.version: '23.0.1'
Driver info: org.openqa.selenium.chrome.ChromeDriver
Command: [a7da8b325a4cbf3ce703710a06fa282a, clickElement {id=f.90211E9AC2512E0DE6030F3A89B2A9C1.d.281E0B8FEA06E3FEC984491F137276FB.e.154}]
Capabilities {acceptInsecureCerts: false, browserName: chrome, browserVersion: 134.0.6998.36, chrome: {chromedriverVersion: 134.0.6998.35 (ea6ef4c2ac15..., userDataDir: C:\Users\tahmi\AppData\Loca...}, fedcm:accounts: true, goog:chromeOptions: {debuggerAddress: localhost:57869}, networkConnectionEnabled: false, pageLoadStrategy: normal, platformName: windows, proxy: Proxy(), se:cdp: ws://localhost:57869/devtoo..., se:cdpVersion: 134.0.6998.36, setWindowRect: true, strictFileInteractability: false, timeouts: {implicit: 0, pageLoad: 300000, script: 30000}, unhandledPromptBehavior: dismiss and notify, webauthn:extension:credBlob: true, webauthn:extension:largeBlob: true, webauthn:extension:minPinLength: true, webauthn:extension:prf: true, webauthn:virtualAuthenticators: true}
Element: [[ChromeDriver: chrome on windows (a7da8b325a4cbf3ce703710a06fa282a)] -> xpath: (//span[normalize-space()='Delivery Boys'])[1]]
Session ID: a7da8b325a4cbf3ce703710a06fa282a
at testCases.TC024_DeliveryBoyAddTest.deliveryBoyAdd(TC024_DeliveryBoyAddTest.java:58)
at java.base/java.util.ArrayList.forEach(ArrayList.java:1597)
... Removed 26 stack frames]]>
    </failure>
  </testcase> <!-- deliveryBoyAdd -->
  <testcase classname="testCases.TC025_DeliveryBoyEditTest" name="deliveryBoyEdit" time="0.0">
    <skipped/>
  </testcase> <!-- deliveryBoyEdit -->
  <testcase classname="testCases.TC026_DeliveryBoyDeleteTest" name="deliveryBoyDelete" time="0.0">
    <skipped/>
  </testcase> <!-- deliveryBoyDelete -->
  <testcase classname="testCases.TC027_CustomerAddTest" name="customerAdd" time="2.376">
    <failure type="java.lang.AssertionError" message="Test failed due to an exception: element click intercepted: Element &amp;lt;span class=&amp;quot;text-base flex-auto&amp;quot;&amp;gt;...&amp;lt;/span&amp;gt; is not clickable at point (143, 850). Other element would receive the click: &amp;lt;div data-v-2964abc9=&amp;quot;&amp;quot; class=&amp;quot;velmld-full-screen velmld-overlay&amp;quot; style=&amp;quot;background-color: rgba(255, 255, 255, 0.9);&amp;quot;&amp;gt;...&amp;lt;/div&amp;gt;
  (Session info: chrome=134.0.6998.36)
Build info: version: &amp;apos;4.29.0&amp;apos;, revision: &amp;apos;5fc1ec94cb&amp;apos;
System info: os.name: &amp;apos;Windows 11&amp;apos;, os.arch: &amp;apos;amd64&amp;apos;, os.version: &amp;apos;10.0&amp;apos;, java.version: &amp;apos;23.0.1&amp;apos;
Driver info: org.openqa.selenium.chrome.ChromeDriver
Command: [0e712c8728b66b3b3085d3d4c6c61d36, clickElement {id=f.74E0BAAC05FF45B6DB7C2F6E84CF41B7.d.D55C596C60230E7043097B7C0B0B0553.e.169}]
Capabilities {acceptInsecureCerts: false, browserName: chrome, browserVersion: 134.0.6998.36, chrome: {chromedriverVersion: 134.0.6998.35 (ea6ef4c2ac15..., userDataDir: C:\Users\tahmi\AppData\Loca...}, fedcm:accounts: true, goog:chromeOptions: {debuggerAddress: localhost:58333}, networkConnectionEnabled: false, pageLoadStrategy: normal, platformName: windows, proxy: Proxy(), se:cdp: ws://localhost:58333/devtoo..., se:cdpVersion: 134.0.6998.36, setWindowRect: true, strictFileInteractability: false, timeouts: {implicit: 0, pageLoad: 300000, script: 30000}, unhandledPromptBehavior: dismiss and notify, webauthn:extension:credBlob: true, webauthn:extension:largeBlob: true, webauthn:extension:minPinLength: true, webauthn:extension:prf: true, webauthn:virtualAuthenticators: true}
Element: [[ChromeDriver: chrome on windows (0e712c8728b66b3b3085d3d4c6c61d36)] -&amp;gt; xpath: (//span[normalize-space()=&amp;apos;Customers&amp;apos;])[1]]
Session ID: 0e712c8728b66b3b3085d3d4c6c61d36">
      <![CDATA[java.lang.AssertionError: Test failed due to an exception: element click intercepted: Element <span class="text-base flex-auto">...</span> is not clickable at point (143, 850). Other element would receive the click: <div data-v-2964abc9="" class="velmld-full-screen velmld-overlay" style="background-color: rgba(255, 255, 255, 0.9);">...</div>
  (Session info: chrome=134.0.6998.36)
Build info: version: '4.29.0', revision: '5fc1ec94cb'
System info: os.name: 'Windows 11', os.arch: 'amd64', os.version: '10.0', java.version: '23.0.1'
Driver info: org.openqa.selenium.chrome.ChromeDriver
Command: [0e712c8728b66b3b3085d3d4c6c61d36, clickElement {id=f.74E0BAAC05FF45B6DB7C2F6E84CF41B7.d.D55C596C60230E7043097B7C0B0B0553.e.169}]
Capabilities {acceptInsecureCerts: false, browserName: chrome, browserVersion: 134.0.6998.36, chrome: {chromedriverVersion: 134.0.6998.35 (ea6ef4c2ac15..., userDataDir: C:\Users\tahmi\AppData\Loca...}, fedcm:accounts: true, goog:chromeOptions: {debuggerAddress: localhost:58333}, networkConnectionEnabled: false, pageLoadStrategy: normal, platformName: windows, proxy: Proxy(), se:cdp: ws://localhost:58333/devtoo..., se:cdpVersion: 134.0.6998.36, setWindowRect: true, strictFileInteractability: false, timeouts: {implicit: 0, pageLoad: 300000, script: 30000}, unhandledPromptBehavior: dismiss and notify, webauthn:extension:credBlob: true, webauthn:extension:largeBlob: true, webauthn:extension:minPinLength: true, webauthn:extension:prf: true, webauthn:virtualAuthenticators: true}
Element: [[ChromeDriver: chrome on windows (0e712c8728b66b3b3085d3d4c6c61d36)] -> xpath: (//span[normalize-space()='Customers'])[1]]
Session ID: 0e712c8728b66b3b3085d3d4c6c61d36
at testCases.TC027_CustomerAddTest.customerAdd(TC027_CustomerAddTest.java:58)
at java.base/java.util.ArrayList.forEach(ArrayList.java:1597)
... Removed 26 stack frames]]>
    </failure>
  </testcase> <!-- customerAdd -->
  <testcase classname="testCases.TC028_CustomerEditTest" name="customerEdit" time="0.0">
    <skipped/>
  </testcase> <!-- customerEdit -->
  <testcase classname="testCases.TC029_CustomerDeleteTest" name="customerDelete" time="0.0">
    <skipped/>
  </testcase> <!-- customerDelete -->
  <testcase classname="testCases.TC030_EmployeeAddTest" name="employeeAdd" time="4.747">
    <failure type="java.lang.AssertionError" message="Test failed due to an exception: element click intercepted: Element &amp;lt;span class=&amp;quot;text-base flex-auto&amp;quot;&amp;gt;...&amp;lt;/span&amp;gt; is not clickable at point (143, 887). Other element would receive the click: &amp;lt;div data-v-2964abc9=&amp;quot;&amp;quot; class=&amp;quot;velmld-full-screen velmld-overlay&amp;quot; style=&amp;quot;background-color: rgba(255, 255, 255, 0.9);&amp;quot;&amp;gt;...&amp;lt;/div&amp;gt;
  (Session info: chrome=134.0.6998.36)
Build info: version: &amp;apos;4.29.0&amp;apos;, revision: &amp;apos;5fc1ec94cb&amp;apos;
System info: os.name: &amp;apos;Windows 11&amp;apos;, os.arch: &amp;apos;amd64&amp;apos;, os.version: &amp;apos;10.0&amp;apos;, java.version: &amp;apos;23.0.1&amp;apos;
Driver info: org.openqa.selenium.chrome.ChromeDriver
Command: [076c911f5035da5870444a89b9321b01, clickElement {id=f.1604895A7E9EB29444AAD2FEFA61500A.d.B7FA55BB75ABBD84A7D0675EEEC03EB7.e.166}]
Capabilities {acceptInsecureCerts: false, browserName: chrome, browserVersion: 134.0.6998.36, chrome: {chromedriverVersion: 134.0.6998.35 (ea6ef4c2ac15..., userDataDir: C:\Users\tahmi\AppData\Loca...}, fedcm:accounts: true, goog:chromeOptions: {debuggerAddress: localhost:58811}, networkConnectionEnabled: false, pageLoadStrategy: normal, platformName: windows, proxy: Proxy(), se:cdp: ws://localhost:58811/devtoo..., se:cdpVersion: 134.0.6998.36, setWindowRect: true, strictFileInteractability: false, timeouts: {implicit: 0, pageLoad: 300000, script: 30000}, unhandledPromptBehavior: dismiss and notify, webauthn:extension:credBlob: true, webauthn:extension:largeBlob: true, webauthn:extension:minPinLength: true, webauthn:extension:prf: true, webauthn:virtualAuthenticators: true}
Element: [[ChromeDriver: chrome on windows (076c911f5035da5870444a89b9321b01)] -&amp;gt; xpath: (//span[normalize-space()=&amp;apos;Employees&amp;apos;])[1]]
Session ID: 076c911f5035da5870444a89b9321b01">
      <![CDATA[java.lang.AssertionError: Test failed due to an exception: element click intercepted: Element <span class="text-base flex-auto">...</span> is not clickable at point (143, 887). Other element would receive the click: <div data-v-2964abc9="" class="velmld-full-screen velmld-overlay" style="background-color: rgba(255, 255, 255, 0.9);">...</div>
  (Session info: chrome=134.0.6998.36)
Build info: version: '4.29.0', revision: '5fc1ec94cb'
System info: os.name: 'Windows 11', os.arch: 'amd64', os.version: '10.0', java.version: '23.0.1'
Driver info: org.openqa.selenium.chrome.ChromeDriver
Command: [076c911f5035da5870444a89b9321b01, clickElement {id=f.1604895A7E9EB29444AAD2FEFA61500A.d.B7FA55BB75ABBD84A7D0675EEEC03EB7.e.166}]
Capabilities {acceptInsecureCerts: false, browserName: chrome, browserVersion: 134.0.6998.36, chrome: {chromedriverVersion: 134.0.6998.35 (ea6ef4c2ac15..., userDataDir: C:\Users\tahmi\AppData\Loca...}, fedcm:accounts: true, goog:chromeOptions: {debuggerAddress: localhost:58811}, networkConnectionEnabled: false, pageLoadStrategy: normal, platformName: windows, proxy: Proxy(), se:cdp: ws://localhost:58811/devtoo..., se:cdpVersion: 134.0.6998.36, setWindowRect: true, strictFileInteractability: false, timeouts: {implicit: 0, pageLoad: 300000, script: 30000}, unhandledPromptBehavior: dismiss and notify, webauthn:extension:credBlob: true, webauthn:extension:largeBlob: true, webauthn:extension:minPinLength: true, webauthn:extension:prf: true, webauthn:virtualAuthenticators: true}
Element: [[ChromeDriver: chrome on windows (076c911f5035da5870444a89b9321b01)] -> xpath: (//span[normalize-space()='Employees'])[1]]
Session ID: 076c911f5035da5870444a89b9321b01
at testCases.TC030_EmployeeAddTest.employeeAdd(TC030_EmployeeAddTest.java:61)
at java.base/java.util.ArrayList.forEach(ArrayList.java:1597)
... Removed 26 stack frames]]>
    </failure>
  </testcase> <!-- employeeAdd -->
  <testcase classname="testCases.TC031_EmployeeEditTest" name="employeeEdit" time="0.0">
    <skipped/>
  </testcase> <!-- employeeEdit -->
  <testcase classname="testCases.TC032_EmployeeDeleteTest" name="employeeDelete" time="0.0">
    <skipped/>
  </testcase> <!-- employeeDelete -->
</testsuite> <!-- Test -->
