<?xml version="1.0" encoding="UTF-8"?>
<!-- Generated by org.testng.reporters.JUnitXMLReporter -->
<testsuite ignored="0" hostname="tahmid_anon" failures="1" tests="1" name="Chrome Test" time="16.957" errors="0" timestamp="2025-03-08T00:39:03 GMT+06:00">
  <testcase classname="testCases.TC021_AdministratorsAddTest" name="administratorsAdd" time="2.95">
    <failure type="java.lang.AssertionError" message="Test failed due to an exception: element click intercepted: Element &amp;lt;span class=&amp;quot;text-base flex-auto&amp;quot;&amp;gt;...&amp;lt;/span&amp;gt; is not clickable at point (143, 762). Other element would receive the click: &amp;lt;div data-v-2964abc9=&amp;quot;&amp;quot; class=&amp;quot;velmld-full-screen velmld-overlay&amp;quot; style=&amp;quot;background-color: rgba(255, 255, 255, 0.9);&amp;quot;&amp;gt;...&amp;lt;/div&amp;gt;
  (Session info: chrome=134.0.6998.36)
Build info: version: &amp;apos;4.29.0&amp;apos;, revision: &amp;apos;5fc1ec94cb&amp;apos;
System info: os.name: &amp;apos;Windows 11&amp;apos;, os.arch: &amp;apos;amd64&amp;apos;, os.version: &amp;apos;10.0&amp;apos;, java.version: &amp;apos;23.0.1&amp;apos;
Driver info: org.openqa.selenium.chrome.ChromeDriver
Command: [85125d05a69a273d2b3631b1c3a89991, clickElement {id=f.C3981565AD398EE09DDBB2FF86B0347C.d.12D07FF666E0E173E5A1AE338EE1CAF1.e.172}]
Capabilities {acceptInsecureCerts: false, browserName: chrome, browserVersion: 134.0.6998.36, chrome: {chromedriverVersion: 134.0.6998.35 (ea6ef4c2ac15..., userDataDir: C:\Users\tahmi\AppData\Loca...}, fedcm:accounts: true, goog:chromeOptions: {debuggerAddress: localhost:56607}, networkConnectionEnabled: false, pageLoadStrategy: normal, platformName: windows, proxy: Proxy(), se:cdp: ws://localhost:56607/devtoo..., se:cdpVersion: 134.0.6998.36, setWindowRect: true, strictFileInteractability: false, timeouts: {implicit: 0, pageLoad: 300000, script: 30000}, unhandledPromptBehavior: dismiss and notify, webauthn:extension:credBlob: true, webauthn:extension:largeBlob: true, webauthn:extension:minPinLength: true, webauthn:extension:prf: true, webauthn:virtualAuthenticators: true}
Element: [[ChromeDriver: chrome on windows (85125d05a69a273d2b3631b1c3a89991)] -&amp;gt; xpath: (//span[normalize-space()=&amp;apos;Administrators&amp;apos;])[1]]
Session ID: 85125d05a69a273d2b3631b1c3a89991">
      <![CDATA[java.lang.AssertionError: Test failed due to an exception: element click intercepted: Element <span class="text-base flex-auto">...</span> is not clickable at point (143, 762). Other element would receive the click: <div data-v-2964abc9="" class="velmld-full-screen velmld-overlay" style="background-color: rgba(255, 255, 255, 0.9);">...</div>
  (Session info: chrome=134.0.6998.36)
Build info: version: '4.29.0', revision: '5fc1ec94cb'
System info: os.name: 'Windows 11', os.arch: 'amd64', os.version: '10.0', java.version: '23.0.1'
Driver info: org.openqa.selenium.chrome.ChromeDriver
Command: [85125d05a69a273d2b3631b1c3a89991, clickElement {id=f.C3981565AD398EE09DDBB2FF86B0347C.d.12D07FF666E0E173E5A1AE338EE1CAF1.e.172}]
Capabilities {acceptInsecureCerts: false, browserName: chrome, browserVersion: 134.0.6998.36, chrome: {chromedriverVersion: 134.0.6998.35 (ea6ef4c2ac15..., userDataDir: C:\Users\tahmi\AppData\Loca...}, fedcm:accounts: true, goog:chromeOptions: {debuggerAddress: localhost:56607}, networkConnectionEnabled: false, pageLoadStrategy: normal, platformName: windows, proxy: Proxy(), se:cdp: ws://localhost:56607/devtoo..., se:cdpVersion: 134.0.6998.36, setWindowRect: true, strictFileInteractability: false, timeouts: {implicit: 0, pageLoad: 300000, script: 30000}, unhandledPromptBehavior: dismiss and notify, webauthn:extension:credBlob: true, webauthn:extension:largeBlob: true, webauthn:extension:minPinLength: true, webauthn:extension:prf: true, webauthn:virtualAuthenticators: true}
Element: [[ChromeDriver: chrome on windows (85125d05a69a273d2b3631b1c3a89991)] -> xpath: (//span[normalize-space()='Administrators'])[1]]
Session ID: 85125d05a69a273d2b3631b1c3a89991
at testCases.TC021_AdministratorsAddTest.administratorsAdd(TC021_AdministratorsAddTest.java:61)
at java.base/java.util.ArrayList.forEach(ArrayList.java:1597)
... Removed 26 stack frames]]>
    </failure>
  </testcase> <!-- administratorsAdd -->
</testsuite> <!-- Chrome Test -->
