<!DOCTYPE html PUBLIC "-//W3C//DTD XHTML 1.1//EN" "https://www.w3.org/TR/xhtml11/DTD/xhtml11.dtd">
<html xmlns="https://www.w3.org/1999/xhtml">
<head>
<meta http-equiv="content-type" content="text/html; charset=UTF-8"/>
<title>TestNG Report</title>
<style type="text/css">table {margin-bottom:10px;border-collapse:collapse;empty-cells:show}th,td {border:1px solid #009;padding:.25em .5em}th {vertical-align:bottom}td {vertical-align:top}table a {font-weight:bold}.stripe td {background-color: #E6EBF9}.num {text-align:right}.passedodd td {background-color: #3F3}.passedeven td {background-color: #0A0}.skippedodd td {background-color: #DDD}.skippedeven td {background-color: #CCC}.failedodd td,.attn {background-color: #F33}.failedeven td,.stripe .attn {background-color: #D00}.stacktrace {white-space:pre;font-family:monospace}.totop {font-size:85%;text-align:center;border-bottom:2px solid #000}.invisible {display:none}</style>
</head>
<body>
<table>
<tr><th>Test</th><th># Passed</th><th># Skipped</th><th># Retried</th><th># Failed</th><th>Time (ms)</th><th>Included Groups</th><th>Excluded Groups</th></tr>
<tr><th colspan="8">Retry Failed Tests XML Suite</th></tr>
<tr><td><a href="#t0">Retry Mulitple Tests</a></td><td class="num">0</td><td class="num attn">8</td><td class="num attn">8</td><td class="num attn">4</td><td class="num">167,514</td><td></td><td></td></tr>
</table>
<table id='summary'><thead><tr><th>Class</th><th>Method</th><th>Start</th><th>Time (ms)</th></tr></thead><tbody><tr><th colspan="4">Retry Failed Tests XML Suite</th></tr></tbody><tbody id="t0"><tr><th colspan="4">Retry Mulitple Tests &#8212; failed</th></tr><tr class="failedeven"><td rowspan="1">testCases.TC021_AdministratorsAddTest</td><td><a href="#m0">administratorsAdd</a></td><td rowspan="1">1741812908280</td><td rowspan="1">10020</td></tr><tr class="failedodd"><td rowspan="1">testCases.TC024_DeliveryBoyAddTest</td><td><a href="#m1">deliveryBoyAdd</a></td><td rowspan="1">1741812949643</td><td rowspan="1">10032</td></tr><tr class="failedeven"><td rowspan="1">testCases.TC027_CustomerAddTest</td><td><a href="#m2">customerAdd</a></td><td rowspan="1">1741812992278</td><td rowspan="1">10035</td></tr><tr class="failedodd"><td rowspan="1">testCases.TC030_EmployeeAddTest</td><td><a href="#m3">employeeAdd</a></td><td rowspan="1">1741813034214</td><td rowspan="1">10052</td></tr><tr><th colspan="4">Retry Mulitple Tests &#8212; skipped</th></tr><tr class="skippedeven"><td rowspan="1">testCases.TC022_AdministratorsEditTest</td><td><a href="#m4">administratorsEdit</a></td><td rowspan="1">1741812920732</td><td rowspan="1">0</td></tr><tr class="skippedodd"><td rowspan="1">testCases.TC023_AdministratorsDeleteTest</td><td><a href="#m5">administratorsDelete</a></td><td rowspan="1">1741812923464</td><td rowspan="1">0</td></tr><tr class="skippedeven"><td rowspan="1">testCases.TC025_DeliveryBoyEditTest</td><td><a href="#m6">deliveryBoyEdit</a></td><td rowspan="1">1741812962333</td><td rowspan="1">0</td></tr><tr class="skippedodd"><td rowspan="1">testCases.TC026_DeliveryBoyDeleteTest</td><td><a href="#m7">deliveryBoyDelete</a></td><td rowspan="1">1741812965138</td><td rowspan="1">0</td></tr><tr class="skippedeven"><td rowspan="1">testCases.TC028_CustomerEditTest</td><td><a href="#m8">customerEdit</a></td><td rowspan="1">1741813004904</td><td rowspan="1">0</td></tr><tr class="skippedodd"><td rowspan="1">testCases.TC029_CustomerDeleteTest</td><td><a href="#m9">customerDelete</a></td><td rowspan="1">1741813007962</td><td rowspan="1">0</td></tr><tr class="skippedeven"><td rowspan="1">testCases.TC031_EmployeeEditTest</td><td><a href="#m10">employeeEdit</a></td><td rowspan="1">1741813046792</td><td rowspan="1">0</td></tr><tr class="skippedodd"><td rowspan="1">testCases.TC032_EmployeeDeleteTest</td><td><a href="#m11">employeeDelete</a></td><td rowspan="1">1741813048991</td><td rowspan="1">0</td></tr><tr><th colspan="4">Retry Mulitple Tests &#8212; retried</th></tr><tr class="retriedeven"><td rowspan="2">testCases.TC021_AdministratorsAddTest</td><td><a href="#m12">administratorsAdd</a></td><td rowspan="2">1741812898219</td><td rowspan="2">10059</td></tr><tr class="retriedeven"><td><a href="#m13">administratorsAdd</a></td></tr><tr class="retriedodd"><td rowspan="2">testCases.TC024_DeliveryBoyAddTest</td><td><a href="#m14">deliveryBoyAdd</a></td><td rowspan="2">1741812926203</td><td rowspan="2">13428</td></tr><tr class="retriedodd"><td><a href="#m15">deliveryBoyAdd</a></td></tr><tr class="retriedeven"><td rowspan="2">testCases.TC027_CustomerAddTest</td><td><a href="#m16">customerAdd</a></td><td rowspan="2">1741812982266</td><td rowspan="2">10012</td></tr><tr class="retriedeven"><td><a href="#m17">customerAdd</a></td></tr><tr class="retriedodd"><td rowspan="2">testCases.TC030_EmployeeAddTest</td><td><a href="#m18">employeeAdd</a></td><td rowspan="2">1741813024185</td><td rowspan="2">10028</td></tr><tr class="retriedodd"><td><a href="#m19">employeeAdd</a></td></tr></tbody>
</table>
<h2>Retry Mulitple Tests</h2><h3 id="m0">testCases.TC021_AdministratorsAddTest#administratorsAdd</h3><table class="result"><tr><th>Exception</th></tr><tr><td><div class="stacktrace">java.lang.AssertionError: Test failed due to an exception: no such element: Unable to locate element: {&quot;method&quot;:&quot;xpath&quot;,&quot;selector&quot;:&quot;//span[@class=&apos;whitespace-nowrap&apos;][normalize-space()=&apos;Log in&apos;]&quot;}
  (Session info: chrome=134.0.6998.36)
For documentation on this error, please visit: https://www.selenium.dev/documentation/webdriver/troubleshooting/errors#no-such-element-exception
Build info: version: &apos;4.29.0&apos;, revision: &apos;5fc1ec94cb&apos;
System info: os.name: &apos;Windows 11&apos;, os.arch: &apos;amd64&apos;, os.version: &apos;10.0&apos;, java.version: &apos;23.0.1&apos;
Driver info: org.openqa.selenium.chrome.ChromeDriver
Command: [e3bb7ad37c52faae69821fe8622c429b, findElement {using=xpath, value=//span[@class=&apos;whitespace-nowrap&apos;][normalize-space()=&apos;Log in&apos;]}]
Capabilities {acceptInsecureCerts: false, browserName: chrome, browserVersion: 134.0.6998.36, chrome: {chromedriverVersion: 134.0.6998.88 (7e3d5c978c6d..., userDataDir: C:\Users\tahmi\AppData\Loca...}, fedcm:accounts: true, goog:chromeOptions: {debuggerAddress: localhost:53946}, networkConnectionEnabled: false, pageLoadStrategy: normal, platformName: windows, proxy: Proxy(), se:cdp: ws://localhost:53946/devtoo..., se:cdpVersion: 134.0.6998.36, setWindowRect: true, strictFileInteractability: false, timeouts: {implicit: 0, pageLoad: 300000, script: 30000}, unhandledPromptBehavior: dismiss and notify, webauthn:extension:credBlob: true, webauthn:extension:largeBlob: true, webauthn:extension:minPinLength: true, webauthn:extension:prf: true, webauthn:virtualAuthenticators: true}
Session ID: e3bb7ad37c52faae69821fe8622c429b
	at testCases.TC021_AdministratorsAddTest.administratorsAdd(TC021_AdministratorsAddTest.java:61)
	at java.base/java.util.ArrayList.forEach(ArrayList.java:1597)
... Removed 26 stack frames</div></td></tr></table><p class="totop"><a href="#summary">back to summary</a></p>
<h3 id="m1">testCases.TC024_DeliveryBoyAddTest#deliveryBoyAdd</h3><table class="result"><tr><th>Exception</th></tr><tr><td><div class="stacktrace">java.lang.AssertionError: Test failed due to an exception: no such element: Unable to locate element: {&quot;method&quot;:&quot;xpath&quot;,&quot;selector&quot;:&quot;//span[@class=&apos;whitespace-nowrap&apos;][normalize-space()=&apos;Log in&apos;]&quot;}
  (Session info: chrome=134.0.6998.36)
For documentation on this error, please visit: https://www.selenium.dev/documentation/webdriver/troubleshooting/errors#no-such-element-exception
Build info: version: &apos;4.29.0&apos;, revision: &apos;5fc1ec94cb&apos;
System info: os.name: &apos;Windows 11&apos;, os.arch: &apos;amd64&apos;, os.version: &apos;10.0&apos;, java.version: &apos;23.0.1&apos;
Driver info: org.openqa.selenium.chrome.ChromeDriver
Command: [8f3933a536cfe6c66a0781f9164f35e9, findElement {using=xpath, value=//span[@class=&apos;whitespace-nowrap&apos;][normalize-space()=&apos;Log in&apos;]}]
Capabilities {acceptInsecureCerts: false, browserName: chrome, browserVersion: 134.0.6998.36, chrome: {chromedriverVersion: 134.0.6998.88 (7e3d5c978c6d..., userDataDir: C:\Users\tahmi\AppData\Loca...}, fedcm:accounts: true, goog:chromeOptions: {debuggerAddress: localhost:54010}, networkConnectionEnabled: false, pageLoadStrategy: normal, platformName: windows, proxy: Proxy(), se:cdp: ws://localhost:54010/devtoo..., se:cdpVersion: 134.0.6998.36, setWindowRect: true, strictFileInteractability: false, timeouts: {implicit: 0, pageLoad: 300000, script: 30000}, unhandledPromptBehavior: dismiss and notify, webauthn:extension:credBlob: true, webauthn:extension:largeBlob: true, webauthn:extension:minPinLength: true, webauthn:extension:prf: true, webauthn:virtualAuthenticators: true}
Session ID: 8f3933a536cfe6c66a0781f9164f35e9
	at testCases.TC024_DeliveryBoyAddTest.deliveryBoyAdd(TC024_DeliveryBoyAddTest.java:58)
	at java.base/java.util.ArrayList.forEach(ArrayList.java:1597)
... Removed 26 stack frames</div></td></tr></table><p class="totop"><a href="#summary">back to summary</a></p>
<h3 id="m2">testCases.TC027_CustomerAddTest#customerAdd</h3><table class="result"><tr><th>Exception</th></tr><tr><td><div class="stacktrace">java.lang.AssertionError: Test failed due to an exception: no such element: Unable to locate element: {&quot;method&quot;:&quot;xpath&quot;,&quot;selector&quot;:&quot;//span[@class=&apos;whitespace-nowrap&apos;][normalize-space()=&apos;Log in&apos;]&quot;}
  (Session info: chrome=134.0.6998.36)
For documentation on this error, please visit: https://www.selenium.dev/documentation/webdriver/troubleshooting/errors#no-such-element-exception
Build info: version: &apos;4.29.0&apos;, revision: &apos;5fc1ec94cb&apos;
System info: os.name: &apos;Windows 11&apos;, os.arch: &apos;amd64&apos;, os.version: &apos;10.0&apos;, java.version: &apos;23.0.1&apos;
Driver info: org.openqa.selenium.chrome.ChromeDriver
Command: [df41eaebae68b552e128f6a000a59458, findElement {using=xpath, value=//span[@class=&apos;whitespace-nowrap&apos;][normalize-space()=&apos;Log in&apos;]}]
Capabilities {acceptInsecureCerts: false, browserName: chrome, browserVersion: 134.0.6998.36, chrome: {chromedriverVersion: 134.0.6998.88 (7e3d5c978c6d..., userDataDir: C:\Users\tahmi\AppData\Loca...}, fedcm:accounts: true, goog:chromeOptions: {debuggerAddress: localhost:54074}, networkConnectionEnabled: false, pageLoadStrategy: normal, platformName: windows, proxy: Proxy(), se:cdp: ws://localhost:54074/devtoo..., se:cdpVersion: 134.0.6998.36, setWindowRect: true, strictFileInteractability: false, timeouts: {implicit: 0, pageLoad: 300000, script: 30000}, unhandledPromptBehavior: dismiss and notify, webauthn:extension:credBlob: true, webauthn:extension:largeBlob: true, webauthn:extension:minPinLength: true, webauthn:extension:prf: true, webauthn:virtualAuthenticators: true}
Session ID: df41eaebae68b552e128f6a000a59458
	at testCases.TC027_CustomerAddTest.customerAdd(TC027_CustomerAddTest.java:58)
	at java.base/java.util.ArrayList.forEach(ArrayList.java:1597)
... Removed 26 stack frames</div></td></tr></table><p class="totop"><a href="#summary">back to summary</a></p>
<h3 id="m3">testCases.TC030_EmployeeAddTest#employeeAdd</h3><table class="result"><tr><th>Exception</th></tr><tr><td><div class="stacktrace">java.lang.AssertionError: Test failed due to an exception: no such element: Unable to locate element: {&quot;method&quot;:&quot;xpath&quot;,&quot;selector&quot;:&quot;//span[@class=&apos;whitespace-nowrap&apos;][normalize-space()=&apos;Log in&apos;]&quot;}
  (Session info: chrome=134.0.6998.36)
For documentation on this error, please visit: https://www.selenium.dev/documentation/webdriver/troubleshooting/errors#no-such-element-exception
Build info: version: &apos;4.29.0&apos;, revision: &apos;5fc1ec94cb&apos;
System info: os.name: &apos;Windows 11&apos;, os.arch: &apos;amd64&apos;, os.version: &apos;10.0&apos;, java.version: &apos;23.0.1&apos;
Driver info: org.openqa.selenium.chrome.ChromeDriver
Command: [a8db93f9addb648c69d4b07056c3d94a, findElement {using=xpath, value=//span[@class=&apos;whitespace-nowrap&apos;][normalize-space()=&apos;Log in&apos;]}]
Capabilities {acceptInsecureCerts: false, browserName: chrome, browserVersion: 134.0.6998.36, chrome: {chromedriverVersion: 134.0.6998.88 (7e3d5c978c6d..., userDataDir: C:\Users\tahmi\AppData\Loca...}, fedcm:accounts: true, goog:chromeOptions: {debuggerAddress: localhost:54137}, networkConnectionEnabled: false, pageLoadStrategy: normal, platformName: windows, proxy: Proxy(), se:cdp: ws://localhost:54137/devtoo..., se:cdpVersion: 134.0.6998.36, setWindowRect: true, strictFileInteractability: false, timeouts: {implicit: 0, pageLoad: 300000, script: 30000}, unhandledPromptBehavior: dismiss and notify, webauthn:extension:credBlob: true, webauthn:extension:largeBlob: true, webauthn:extension:minPinLength: true, webauthn:extension:prf: true, webauthn:virtualAuthenticators: true}
Session ID: a8db93f9addb648c69d4b07056c3d94a
	at testCases.TC030_EmployeeAddTest.employeeAdd(TC030_EmployeeAddTest.java:61)
	at java.base/java.util.ArrayList.forEach(ArrayList.java:1597)
... Removed 26 stack frames</div></td></tr></table><p class="totop"><a href="#summary">back to summary</a></p>
<h3 id="m4">testCases.TC022_AdministratorsEditTest#administratorsEdit</h3><table class="result"><tr><th>Exception</th></tr><tr><td><div class="stacktrace">java.lang.Throwable: Method TC022_AdministratorsEditTest.administratorsEdit()[pri:0, instance:testCases.TC022_AdministratorsEditTest@6a6cb05c] depends on not successfully finished methods
	at java.base/java.util.ArrayList.forEach(ArrayList.java:1597)
... Removed 18 stack frames</div></td></tr></table><p class="totop"><a href="#summary">back to summary</a></p>
<h3 id="m5">testCases.TC023_AdministratorsDeleteTest#administratorsDelete</h3><table class="result"><tr><th>Exception</th></tr><tr><td><div class="stacktrace">java.lang.Throwable: Method TC023_AdministratorsDeleteTest.administratorsDelete()[pri:0, instance:testCases.TC023_AdministratorsDeleteTest@40a4337a] depends on not successfully finished methods
	at java.base/java.util.ArrayList.forEach(ArrayList.java:1597)
... Removed 18 stack frames</div></td></tr></table><p class="totop"><a href="#summary">back to summary</a></p>
<h3 id="m6">testCases.TC025_DeliveryBoyEditTest#deliveryBoyEdit</h3><table class="result"><tr><th>Exception</th></tr><tr><td><div class="stacktrace">java.lang.Throwable: Method TC025_DeliveryBoyEditTest.deliveryBoyEdit()[pri:0, instance:testCases.TC025_DeliveryBoyEditTest@22ff4249] depends on not successfully finished methods
	at java.base/java.util.ArrayList.forEach(ArrayList.java:1597)
... Removed 18 stack frames</div></td></tr></table><p class="totop"><a href="#summary">back to summary</a></p>
<h3 id="m7">testCases.TC026_DeliveryBoyDeleteTest#deliveryBoyDelete</h3><table class="result"><tr><th>Exception</th></tr><tr><td><div class="stacktrace">java.lang.Throwable: Method TC026_DeliveryBoyDeleteTest.deliveryBoyDelete()[pri:0, instance:testCases.TC026_DeliveryBoyDeleteTest@2d1ef81a] depends on not successfully finished methods
	at java.base/java.util.ArrayList.forEach(ArrayList.java:1597)
... Removed 18 stack frames</div></td></tr></table><p class="totop"><a href="#summary">back to summary</a></p>
<h3 id="m8">testCases.TC028_CustomerEditTest#customerEdit</h3><table class="result"><tr><th>Exception</th></tr><tr><td><div class="stacktrace">java.lang.Throwable: Method TC028_CustomerEditTest.customerEdit()[pri:0, instance:testCases.TC028_CustomerEditTest@327514f] depends on not successfully finished methods
	at java.base/java.util.ArrayList.forEach(ArrayList.java:1597)
... Removed 18 stack frames</div></td></tr></table><p class="totop"><a href="#summary">back to summary</a></p>
<h3 id="m9">testCases.TC029_CustomerDeleteTest#customerDelete</h3><table class="result"><tr><th>Exception</th></tr><tr><td><div class="stacktrace">java.lang.Throwable: Method TC029_CustomerDeleteTest.customerDelete()[pri:0, instance:testCases.TC029_CustomerDeleteTest@5b12b668] depends on not successfully finished methods
	at java.base/java.util.ArrayList.forEach(ArrayList.java:1597)
... Removed 18 stack frames</div></td></tr></table><p class="totop"><a href="#summary">back to summary</a></p>
<h3 id="m10">testCases.TC031_EmployeeEditTest#employeeEdit</h3><table class="result"><tr><th>Exception</th></tr><tr><td><div class="stacktrace">java.lang.Throwable: Method TC031_EmployeeEditTest.employeeEdit()[pri:0, instance:testCases.TC031_EmployeeEditTest@4c12331b] depends on not successfully finished methods
	at java.base/java.util.ArrayList.forEach(ArrayList.java:1597)
... Removed 18 stack frames</div></td></tr></table><p class="totop"><a href="#summary">back to summary</a></p>
<h3 id="m11">testCases.TC032_EmployeeDeleteTest#employeeDelete</h3><table class="result"><tr><th>Exception</th></tr><tr><td><div class="stacktrace">java.lang.Throwable: Method TC032_EmployeeDeleteTest.employeeDelete()[pri:0, instance:testCases.TC032_EmployeeDeleteTest@7586beff] depends on not successfully finished methods
	at java.base/java.util.ArrayList.forEach(ArrayList.java:1597)
... Removed 18 stack frames</div></td></tr></table><p class="totop"><a href="#summary">back to summary</a></p>
<h3 id="m12">testCases.TC021_AdministratorsAddTest#administratorsAdd</h3><table class="result"><tr><th>Exception</th></tr><tr><td><div class="stacktrace">java.lang.AssertionError: Test failed due to an exception: no such element: Unable to locate element: {&quot;method&quot;:&quot;xpath&quot;,&quot;selector&quot;:&quot;//span[@class=&apos;whitespace-nowrap&apos;][normalize-space()=&apos;Log in&apos;]&quot;}
  (Session info: chrome=134.0.6998.36)
For documentation on this error, please visit: https://www.selenium.dev/documentation/webdriver/troubleshooting/errors#no-such-element-exception
Build info: version: &apos;4.29.0&apos;, revision: &apos;5fc1ec94cb&apos;
System info: os.name: &apos;Windows 11&apos;, os.arch: &apos;amd64&apos;, os.version: &apos;10.0&apos;, java.version: &apos;23.0.1&apos;
Driver info: org.openqa.selenium.chrome.ChromeDriver
Command: [e3bb7ad37c52faae69821fe8622c429b, findElement {using=xpath, value=//span[@class=&apos;whitespace-nowrap&apos;][normalize-space()=&apos;Log in&apos;]}]
Capabilities {acceptInsecureCerts: false, browserName: chrome, browserVersion: 134.0.6998.36, chrome: {chromedriverVersion: 134.0.6998.88 (7e3d5c978c6d..., userDataDir: C:\Users\tahmi\AppData\Loca...}, fedcm:accounts: true, goog:chromeOptions: {debuggerAddress: localhost:53946}, networkConnectionEnabled: false, pageLoadStrategy: normal, platformName: windows, proxy: Proxy(), se:cdp: ws://localhost:53946/devtoo..., se:cdpVersion: 134.0.6998.36, setWindowRect: true, strictFileInteractability: false, timeouts: {implicit: 0, pageLoad: 300000, script: 30000}, unhandledPromptBehavior: dismiss and notify, webauthn:extension:credBlob: true, webauthn:extension:largeBlob: true, webauthn:extension:minPinLength: true, webauthn:extension:prf: true, webauthn:virtualAuthenticators: true}
Session ID: e3bb7ad37c52faae69821fe8622c429b
	at testCases.TC021_AdministratorsAddTest.administratorsAdd(TC021_AdministratorsAddTest.java:61)
	at java.base/java.util.ArrayList.forEach(ArrayList.java:1597)
... Removed 26 stack frames</div></td></tr></table><p class="totop"><a href="#summary">back to summary</a></p>
<h3 id="m13">testCases.TC021_AdministratorsAddTest#administratorsAdd</h3><table class="result"><tr><th>Exception</th></tr><tr><td><div class="stacktrace">java.lang.AssertionError: Test failed due to an exception: Expected condition failed: waiting for presence of element located by: By.xpath: //td[contains(normalize-space(), &quot;Elon Musk&quot;)] (tried for 10 second(s) with 500 milliseconds interval)
	at testCases.TC021_AdministratorsAddTest.administratorsAdd(TC021_AdministratorsAddTest.java:61)
	at java.base/java.util.ArrayList.forEach(ArrayList.java:1597)
... Removed 26 stack frames</div></td></tr></table><p class="totop"><a href="#summary">back to summary</a></p>
<h3 id="m14">testCases.TC024_DeliveryBoyAddTest#deliveryBoyAdd</h3><table class="result"><tr><th>Exception</th></tr><tr><td><div class="stacktrace">java.lang.AssertionError: Test failed due to an exception: Expected condition failed: waiting for presence of element located by: By.xpath: //td[contains(normalize-space(), &quot;Elon Musk&quot;)] (tried for 10 second(s) with 500 milliseconds interval)
	at testCases.TC024_DeliveryBoyAddTest.deliveryBoyAdd(TC024_DeliveryBoyAddTest.java:58)
	at java.base/java.util.ArrayList.forEach(ArrayList.java:1597)
... Removed 26 stack frames</div></td></tr></table><p class="totop"><a href="#summary">back to summary</a></p>
<h3 id="m15">testCases.TC024_DeliveryBoyAddTest#deliveryBoyAdd</h3><table class="result"><tr><th>Exception</th></tr><tr><td><div class="stacktrace">java.lang.AssertionError: Test failed due to an exception: no such element: Unable to locate element: {&quot;method&quot;:&quot;xpath&quot;,&quot;selector&quot;:&quot;//span[@class=&apos;whitespace-nowrap&apos;][normalize-space()=&apos;Log in&apos;]&quot;}
  (Session info: chrome=134.0.6998.36)
For documentation on this error, please visit: https://www.selenium.dev/documentation/webdriver/troubleshooting/errors#no-such-element-exception
Build info: version: &apos;4.29.0&apos;, revision: &apos;5fc1ec94cb&apos;
System info: os.name: &apos;Windows 11&apos;, os.arch: &apos;amd64&apos;, os.version: &apos;10.0&apos;, java.version: &apos;23.0.1&apos;
Driver info: org.openqa.selenium.chrome.ChromeDriver
Command: [8f3933a536cfe6c66a0781f9164f35e9, findElement {using=xpath, value=//span[@class=&apos;whitespace-nowrap&apos;][normalize-space()=&apos;Log in&apos;]}]
Capabilities {acceptInsecureCerts: false, browserName: chrome, browserVersion: 134.0.6998.36, chrome: {chromedriverVersion: 134.0.6998.88 (7e3d5c978c6d..., userDataDir: C:\Users\tahmi\AppData\Loca...}, fedcm:accounts: true, goog:chromeOptions: {debuggerAddress: localhost:54010}, networkConnectionEnabled: false, pageLoadStrategy: normal, platformName: windows, proxy: Proxy(), se:cdp: ws://localhost:54010/devtoo..., se:cdpVersion: 134.0.6998.36, setWindowRect: true, strictFileInteractability: false, timeouts: {implicit: 0, pageLoad: 300000, script: 30000}, unhandledPromptBehavior: dismiss and notify, webauthn:extension:credBlob: true, webauthn:extension:largeBlob: true, webauthn:extension:minPinLength: true, webauthn:extension:prf: true, webauthn:virtualAuthenticators: true}
Session ID: 8f3933a536cfe6c66a0781f9164f35e9
	at testCases.TC024_DeliveryBoyAddTest.deliveryBoyAdd(TC024_DeliveryBoyAddTest.java:58)
	at java.base/java.util.ArrayList.forEach(ArrayList.java:1597)
... Removed 26 stack frames</div></td></tr></table><p class="totop"><a href="#summary">back to summary</a></p>
<h3 id="m16">testCases.TC027_CustomerAddTest#customerAdd</h3><table class="result"><tr><th>Exception</th></tr><tr><td><div class="stacktrace">java.lang.AssertionError: Test failed due to an exception: no such element: Unable to locate element: {&quot;method&quot;:&quot;xpath&quot;,&quot;selector&quot;:&quot;//span[@class=&apos;whitespace-nowrap&apos;][normalize-space()=&apos;Log in&apos;]&quot;}
  (Session info: chrome=134.0.6998.36)
For documentation on this error, please visit: https://www.selenium.dev/documentation/webdriver/troubleshooting/errors#no-such-element-exception
Build info: version: &apos;4.29.0&apos;, revision: &apos;5fc1ec94cb&apos;
System info: os.name: &apos;Windows 11&apos;, os.arch: &apos;amd64&apos;, os.version: &apos;10.0&apos;, java.version: &apos;23.0.1&apos;
Driver info: org.openqa.selenium.chrome.ChromeDriver
Command: [df41eaebae68b552e128f6a000a59458, findElement {using=xpath, value=//span[@class=&apos;whitespace-nowrap&apos;][normalize-space()=&apos;Log in&apos;]}]
Capabilities {acceptInsecureCerts: false, browserName: chrome, browserVersion: 134.0.6998.36, chrome: {chromedriverVersion: 134.0.6998.88 (7e3d5c978c6d..., userDataDir: C:\Users\tahmi\AppData\Loca...}, fedcm:accounts: true, goog:chromeOptions: {debuggerAddress: localhost:54074}, networkConnectionEnabled: false, pageLoadStrategy: normal, platformName: windows, proxy: Proxy(), se:cdp: ws://localhost:54074/devtoo..., se:cdpVersion: 134.0.6998.36, setWindowRect: true, strictFileInteractability: false, timeouts: {implicit: 0, pageLoad: 300000, script: 30000}, unhandledPromptBehavior: dismiss and notify, webauthn:extension:credBlob: true, webauthn:extension:largeBlob: true, webauthn:extension:minPinLength: true, webauthn:extension:prf: true, webauthn:virtualAuthenticators: true}
Session ID: df41eaebae68b552e128f6a000a59458
	at testCases.TC027_CustomerAddTest.customerAdd(TC027_CustomerAddTest.java:58)
	at java.base/java.util.ArrayList.forEach(ArrayList.java:1597)
... Removed 26 stack frames</div></td></tr></table><p class="totop"><a href="#summary">back to summary</a></p>
<h3 id="m17">testCases.TC027_CustomerAddTest#customerAdd</h3><table class="result"><tr><th>Exception</th></tr><tr><td><div class="stacktrace">java.lang.AssertionError: Test failed due to an exception: Expected condition failed: waiting for presence of element located by: By.xpath: //td[contains(normalize-space(), &quot;Elon Musk&quot;)] (tried for 10 second(s) with 500 milliseconds interval)
	at testCases.TC027_CustomerAddTest.customerAdd(TC027_CustomerAddTest.java:58)
	at java.base/java.util.ArrayList.forEach(ArrayList.java:1597)
... Removed 26 stack frames</div></td></tr></table><p class="totop"><a href="#summary">back to summary</a></p>
<h3 id="m18">testCases.TC030_EmployeeAddTest#employeeAdd</h3><table class="result"><tr><th>Exception</th></tr><tr><td><div class="stacktrace">java.lang.AssertionError: Test failed due to an exception: no such element: Unable to locate element: {&quot;method&quot;:&quot;xpath&quot;,&quot;selector&quot;:&quot;//span[@class=&apos;whitespace-nowrap&apos;][normalize-space()=&apos;Log in&apos;]&quot;}
  (Session info: chrome=134.0.6998.36)
For documentation on this error, please visit: https://www.selenium.dev/documentation/webdriver/troubleshooting/errors#no-such-element-exception
Build info: version: &apos;4.29.0&apos;, revision: &apos;5fc1ec94cb&apos;
System info: os.name: &apos;Windows 11&apos;, os.arch: &apos;amd64&apos;, os.version: &apos;10.0&apos;, java.version: &apos;23.0.1&apos;
Driver info: org.openqa.selenium.chrome.ChromeDriver
Command: [a8db93f9addb648c69d4b07056c3d94a, findElement {using=xpath, value=//span[@class=&apos;whitespace-nowrap&apos;][normalize-space()=&apos;Log in&apos;]}]
Capabilities {acceptInsecureCerts: false, browserName: chrome, browserVersion: 134.0.6998.36, chrome: {chromedriverVersion: 134.0.6998.88 (7e3d5c978c6d..., userDataDir: C:\Users\tahmi\AppData\Loca...}, fedcm:accounts: true, goog:chromeOptions: {debuggerAddress: localhost:54137}, networkConnectionEnabled: false, pageLoadStrategy: normal, platformName: windows, proxy: Proxy(), se:cdp: ws://localhost:54137/devtoo..., se:cdpVersion: 134.0.6998.36, setWindowRect: true, strictFileInteractability: false, timeouts: {implicit: 0, pageLoad: 300000, script: 30000}, unhandledPromptBehavior: dismiss and notify, webauthn:extension:credBlob: true, webauthn:extension:largeBlob: true, webauthn:extension:minPinLength: true, webauthn:extension:prf: true, webauthn:virtualAuthenticators: true}
Session ID: a8db93f9addb648c69d4b07056c3d94a
	at testCases.TC030_EmployeeAddTest.employeeAdd(TC030_EmployeeAddTest.java:61)
	at java.base/java.util.ArrayList.forEach(ArrayList.java:1597)
... Removed 26 stack frames</div></td></tr></table><p class="totop"><a href="#summary">back to summary</a></p>
<h3 id="m19">testCases.TC030_EmployeeAddTest#employeeAdd</h3><table class="result"><tr><th>Exception</th></tr><tr><td><div class="stacktrace">java.lang.AssertionError: Test failed due to an exception: Expected condition failed: waiting for presence of element located by: By.xpath: //td[contains(normalize-space(), &quot;Elon Musk&quot;)] (tried for 10 second(s) with 500 milliseconds interval)
	at testCases.TC030_EmployeeAddTest.employeeAdd(TC030_EmployeeAddTest.java:61)
	at java.base/java.util.ArrayList.forEach(ArrayList.java:1597)
... Removed 26 stack frames</div></td></tr></table><p class="totop"><a href="#summary">back to summary</a></p>
</body>
</html>
