<!DOCTYPE html>

<html>
  <head>
  <meta charset='utf-8'>
  <title>TestNG reports</title>

    <link type="text/css" href="testng-reports1.css" rel="stylesheet" id="ultra" />
    <link type="text/css" href="testng-reports.css" rel="stylesheet" id="retro" disabled="false"/>
    <script type="text/javascript" src="jquery.min.js"></script>
    <script type="text/javascript" src="testng-reports.js"></script>
    <script type="text/javascript" src="https://www.google.com/jsapi"></script>
    <script type='text/javascript'>
      google.load('visualization', '1', {packages:['table']});
      google.setOnLoadCallback(drawTable);
      var suiteTableInitFunctions = new Array();
      var suiteTableData = new Array();
    </script>
    <!--
      <script type="text/javascript" src="jquery-ui/js/jquery-ui-1.8.16.custom.min.js"></script>
     -->
  </head>

  <body>
    <div class="top-banner-root">
      <span class="top-banner-title-font">Test results</span>
      <button id="button" class="button">Switch Retro Theme</button> <!-- button -->
      <br/>
      <span class="top-banner-font-1">1 suite, 4 failed tests</span>
    </div> <!-- top-banner-root -->
    <div class="navigator-root">
      <div class="navigator-suite-header">
        <span>All suites</span>
        <a href="#" title="Collapse/expand all the suites" class="collapse-all-link">
          <img src="collapseall.gif" class="collapse-all-icon">
          </img> <!-- collapse-all-icon -->
        </a> <!-- collapse-all-link -->
      </div> <!-- navigator-suite-header -->
      <div class="suite">
        <div class="rounded-window">
          <div class="suite-header light-rounded-window-top">
            <a href="#" panel-name="suite-Retry_Failed_Tests_XML_Suite" class="navigator-link">
              <span class="suite-name border-failed">Retry Failed Tests XML Suite</span>
            </a> <!-- navigator-link -->
          </div> <!-- suite-header light-rounded-window-top -->
          <div class="navigator-suite-content">
            <div class="suite-section-title">
              <span>Info</span>
            </div> <!-- suite-section-title -->
            <div class="suite-section-content">
              <ul>
                <li>
                  <a href="#" panel-name="test-xml-Retry_Failed_Tests_XML_Suite" class="navigator-link ">
                    <span>E:\All Activities-Documents\Selenium Workspace\ShopFlowAutomator\retryFailedTestCases.xml</span>
                  </a> <!-- navigator-link  -->
                </li>
                <li>
                  <a href="#" panel-name="testlist-Retry_Failed_Tests_XML_Suite" class="navigator-link ">
                    <span class="test-stats">1 test</span>
                  </a> <!-- navigator-link  -->
                </li>
                <li>
                  <a href="#" panel-name="group-Retry_Failed_Tests_XML_Suite" class="navigator-link ">
                    <span>5 groups</span>
                  </a> <!-- navigator-link  -->
                </li>
                <li>
                  <a href="#" panel-name="times-Retry_Failed_Tests_XML_Suite" class="navigator-link ">
                    <span>Times</span>
                  </a> <!-- navigator-link  -->
                </li>
                <li>
                  <a href="#" panel-name="reporter-Retry_Failed_Tests_XML_Suite" class="navigator-link ">
                    <span>Reporter output</span>
                  </a> <!-- navigator-link  -->
                </li>
                <li>
                  <a href="#" panel-name="ignored-methods-Retry_Failed_Tests_XML_Suite" class="navigator-link ">
                    <span>Ignored methods</span>
                  </a> <!-- navigator-link  -->
                </li>
                <li>
                  <a href="#" panel-name="chronological-Retry_Failed_Tests_XML_Suite" class="navigator-link ">
                    <span>Chronological view</span>
                  </a> <!-- navigator-link  -->
                </li>
              </ul>
            </div> <!-- suite-section-content -->
            <div class="result-section">
              <div class="suite-section-title">
                <span>Results</span>
              </div> <!-- suite-section-title -->
              <div class="suite-section-content">
                <ul>
                  <li>
                    <span class="method-stats">20 methods, 4 failed,  16 skipped,  </span>
                  </li>
                  <li>
                    <span class="method-list-title failed">Failed methods</span>
                    <span class="show-or-hide-methods failed">
                      <a href="#" panel-name="suite-Retry_Failed_Tests_XML_Suite" class="hide-methods failed suite-Retry_Failed_Tests_XML_Suite"> (hide)</a> <!-- hide-methods failed suite-Retry_Failed_Tests_XML_Suite -->
                      <a href="#" panel-name="suite-Retry_Failed_Tests_XML_Suite" class="show-methods failed suite-Retry_Failed_Tests_XML_Suite"> (show)</a> <!-- show-methods failed suite-Retry_Failed_Tests_XML_Suite -->
                    </span>
                    <div class="method-list-content failed suite-Retry_Failed_Tests_XML_Suite">
                      <span>
                        <img src="failed.png" width="3%"/>
                        <a href="#" panel-name="suite-Retry_Failed_Tests_XML_Suite" title="testCases.TC021_AdministratorsAddTest" class="method navigator-link" hash-for-method="administratorsAdd">administratorsAdd</a> <!-- method navigator-link -->
                      </span>
                      <br/>
                      <span>
                        <img src="failed.png" width="3%"/>
                        <a href="#" panel-name="suite-Retry_Failed_Tests_XML_Suite" title="testCases.TC027_CustomerAddTest" class="method navigator-link" hash-for-method="customerAdd">customerAdd</a> <!-- method navigator-link -->
                      </span>
                      <br/>
                      <span>
                        <img src="failed.png" width="3%"/>
                        <a href="#" panel-name="suite-Retry_Failed_Tests_XML_Suite" title="testCases.TC024_DeliveryBoyAddTest" class="method navigator-link" hash-for-method="deliveryBoyAdd">deliveryBoyAdd</a> <!-- method navigator-link -->
                      </span>
                      <br/>
                      <span>
                        <img src="failed.png" width="3%"/>
                        <a href="#" panel-name="suite-Retry_Failed_Tests_XML_Suite" title="testCases.TC030_EmployeeAddTest" class="method navigator-link" hash-for-method="employeeAdd">employeeAdd</a> <!-- method navigator-link -->
                      </span>
                      <br/>
                    </div> <!-- method-list-content failed suite-Retry_Failed_Tests_XML_Suite -->
                  </li>
                  <li>
                    <span class="method-list-title skipped">Skipped methods</span>
                    <span class="show-or-hide-methods skipped">
                      <a href="#" panel-name="suite-Retry_Failed_Tests_XML_Suite" class="hide-methods skipped suite-Retry_Failed_Tests_XML_Suite"> (hide)</a> <!-- hide-methods skipped suite-Retry_Failed_Tests_XML_Suite -->
                      <a href="#" panel-name="suite-Retry_Failed_Tests_XML_Suite" class="show-methods skipped suite-Retry_Failed_Tests_XML_Suite"> (show)</a> <!-- show-methods skipped suite-Retry_Failed_Tests_XML_Suite -->
                    </span>
                    <div class="method-list-content skipped suite-Retry_Failed_Tests_XML_Suite">
                      <span>
                        <img src="skipped.png" width="3%"/>
                        <a href="#" panel-name="suite-Retry_Failed_Tests_XML_Suite" title="testCases.TC023_AdministratorsDeleteTest" class="method navigator-link" hash-for-method="administratorsDelete">administratorsDelete</a> <!-- method navigator-link -->
                      </span>
                      <br/>
                      <span>
                        <img src="skipped.png" width="3%"/>
                        <a href="#" panel-name="suite-Retry_Failed_Tests_XML_Suite" title="testCases.TC022_AdministratorsEditTest" class="method navigator-link" hash-for-method="administratorsEdit">administratorsEdit</a> <!-- method navigator-link -->
                      </span>
                      <br/>
                      <span>
                        <img src="skipped.png" width="3%"/>
                        <a href="#" panel-name="suite-Retry_Failed_Tests_XML_Suite" title="testCases.TC029_CustomerDeleteTest" class="method navigator-link" hash-for-method="customerDelete">customerDelete</a> <!-- method navigator-link -->
                      </span>
                      <br/>
                      <span>
                        <img src="skipped.png" width="3%"/>
                        <a href="#" panel-name="suite-Retry_Failed_Tests_XML_Suite" title="testCases.TC028_CustomerEditTest" class="method navigator-link" hash-for-method="customerEdit">customerEdit</a> <!-- method navigator-link -->
                      </span>
                      <br/>
                      <span>
                        <img src="skipped.png" width="3%"/>
                        <a href="#" panel-name="suite-Retry_Failed_Tests_XML_Suite" title="testCases.TC026_DeliveryBoyDeleteTest" class="method navigator-link" hash-for-method="deliveryBoyDelete">deliveryBoyDelete</a> <!-- method navigator-link -->
                      </span>
                      <br/>
                      <span>
                        <img src="skipped.png" width="3%"/>
                        <a href="#" panel-name="suite-Retry_Failed_Tests_XML_Suite" title="testCases.TC025_DeliveryBoyEditTest" class="method navigator-link" hash-for-method="deliveryBoyEdit">deliveryBoyEdit</a> <!-- method navigator-link -->
                      </span>
                      <br/>
                      <span>
                        <img src="skipped.png" width="3%"/>
                        <a href="#" panel-name="suite-Retry_Failed_Tests_XML_Suite" title="testCases.TC032_EmployeeDeleteTest" class="method navigator-link" hash-for-method="employeeDelete">employeeDelete</a> <!-- method navigator-link -->
                      </span>
                      <br/>
                      <span>
                        <img src="skipped.png" width="3%"/>
                        <a href="#" panel-name="suite-Retry_Failed_Tests_XML_Suite" title="testCases.TC031_EmployeeEditTest" class="method navigator-link" hash-for-method="employeeEdit">employeeEdit</a> <!-- method navigator-link -->
                      </span>
                      <br/>
                    </div> <!-- method-list-content skipped suite-Retry_Failed_Tests_XML_Suite -->
                  </li>
                  <li>
                    <span class="method-list-title skipped">Retried methods</span>
                    <span class="show-or-hide-methods skipped">
                      <a href="#" panel-name="suite-Retry_Failed_Tests_XML_Suite" class="hide-methods skipped suite-Retry_Failed_Tests_XML_Suite"> (hide)</a> <!-- hide-methods skipped suite-Retry_Failed_Tests_XML_Suite -->
                      <a href="#" panel-name="suite-Retry_Failed_Tests_XML_Suite" class="show-methods skipped suite-Retry_Failed_Tests_XML_Suite"> (show)</a> <!-- show-methods skipped suite-Retry_Failed_Tests_XML_Suite -->
                    </span>
                    <div class="method-list-content skipped suite-Retry_Failed_Tests_XML_Suite">
                      <span>
                        <img src="skipped.png" width="3%"/>
                        <a href="#" panel-name="suite-Retry_Failed_Tests_XML_Suite" title="testCases.TC021_AdministratorsAddTest" class="method navigator-link" hash-for-method="administratorsAdd">administratorsAdd</a> <!-- method navigator-link -->
                      </span>
                      <br/>
                      <span>
                        <img src="skipped.png" width="3%"/>
                        <a href="#" panel-name="suite-Retry_Failed_Tests_XML_Suite" title="testCases.TC021_AdministratorsAddTest" class="method navigator-link" hash-for-method="administratorsAdd">administratorsAdd</a> <!-- method navigator-link -->
                      </span>
                      <br/>
                      <span>
                        <img src="skipped.png" width="3%"/>
                        <a href="#" panel-name="suite-Retry_Failed_Tests_XML_Suite" title="testCases.TC027_CustomerAddTest" class="method navigator-link" hash-for-method="customerAdd">customerAdd</a> <!-- method navigator-link -->
                      </span>
                      <br/>
                      <span>
                        <img src="skipped.png" width="3%"/>
                        <a href="#" panel-name="suite-Retry_Failed_Tests_XML_Suite" title="testCases.TC027_CustomerAddTest" class="method navigator-link" hash-for-method="customerAdd">customerAdd</a> <!-- method navigator-link -->
                      </span>
                      <br/>
                      <span>
                        <img src="skipped.png" width="3%"/>
                        <a href="#" panel-name="suite-Retry_Failed_Tests_XML_Suite" title="testCases.TC024_DeliveryBoyAddTest" class="method navigator-link" hash-for-method="deliveryBoyAdd">deliveryBoyAdd</a> <!-- method navigator-link -->
                      </span>
                      <br/>
                      <span>
                        <img src="skipped.png" width="3%"/>
                        <a href="#" panel-name="suite-Retry_Failed_Tests_XML_Suite" title="testCases.TC024_DeliveryBoyAddTest" class="method navigator-link" hash-for-method="deliveryBoyAdd">deliveryBoyAdd</a> <!-- method navigator-link -->
                      </span>
                      <br/>
                      <span>
                        <img src="skipped.png" width="3%"/>
                        <a href="#" panel-name="suite-Retry_Failed_Tests_XML_Suite" title="testCases.TC030_EmployeeAddTest" class="method navigator-link" hash-for-method="employeeAdd">employeeAdd</a> <!-- method navigator-link -->
                      </span>
                      <br/>
                      <span>
                        <img src="skipped.png" width="3%"/>
                        <a href="#" panel-name="suite-Retry_Failed_Tests_XML_Suite" title="testCases.TC030_EmployeeAddTest" class="method navigator-link" hash-for-method="employeeAdd">employeeAdd</a> <!-- method navigator-link -->
                      </span>
                      <br/>
                    </div> <!-- method-list-content skipped suite-Retry_Failed_Tests_XML_Suite -->
                  </li>
                </ul>
              </div> <!-- suite-section-content -->
            </div> <!-- result-section -->
          </div> <!-- navigator-suite-content -->
        </div> <!-- rounded-window -->
      </div> <!-- suite -->
    </div> <!-- navigator-root -->
    <div class="wrapper">
      <div class="main-panel-root">
        <div panel-name="suite-Retry_Failed_Tests_XML_Suite" class="panel Retry_Failed_Tests_XML_Suite">
          <div class="suite-Retry_Failed_Tests_XML_Suite-class-failed">
            <div class="main-panel-header rounded-window-top">
              <img src="failed.png"/>
              <span class="class-name">testCases.TC027_CustomerAddTest</span>
            </div> <!-- main-panel-header rounded-window-top -->
            <div class="main-panel-content rounded-window-bottom">
              <div class="method">
                <div class="method-content">
                  <a name="customerAdd">
                  </a> <!-- customerAdd -->
                  <span class="method-name">customerAdd</span>
                  <div class="stack-trace">java.lang.AssertionError: Test failed due to an exception: no such element: Unable to locate element: {&quot;method&quot;:&quot;xpath&quot;,&quot;selector&quot;:&quot;//span[@class=&apos;whitespace-nowrap&apos;][normalize-space()=&apos;Log in&apos;]&quot;}
  (Session info: chrome=134.0.6998.36)
For documentation on this error, please visit: https://www.selenium.dev/documentation/webdriver/troubleshooting/errors#no-such-element-exception
Build info: version: &apos;4.29.0&apos;, revision: &apos;5fc1ec94cb&apos;
System info: os.name: &apos;Windows 11&apos;, os.arch: &apos;amd64&apos;, os.version: &apos;10.0&apos;, java.version: &apos;23.0.1&apos;
Driver info: org.openqa.selenium.chrome.ChromeDriver
Command: [df41eaebae68b552e128f6a000a59458, findElement {using=xpath, value=//span[@class=&apos;whitespace-nowrap&apos;][normalize-space()=&apos;Log in&apos;]}]
Capabilities {acceptInsecureCerts: false, browserName: chrome, browserVersion: 134.0.6998.36, chrome: {chromedriverVersion: 134.0.6998.88 (7e3d5c978c6d..., userDataDir: C:\Users\tahmi\AppData\Loca...}, fedcm:accounts: true, goog:chromeOptions: {debuggerAddress: localhost:54074}, networkConnectionEnabled: false, pageLoadStrategy: normal, platformName: windows, proxy: Proxy(), se:cdp: ws://localhost:54074/devtoo..., se:cdpVersion: 134.0.6998.36, setWindowRect: true, strictFileInteractability: false, timeouts: {implicit: 0, pageLoad: 300000, script: 30000}, unhandledPromptBehavior: dismiss and notify, webauthn:extension:credBlob: true, webauthn:extension:largeBlob: true, webauthn:extension:minPinLength: true, webauthn:extension:prf: true, webauthn:virtualAuthenticators: true}
Session ID: df41eaebae68b552e128f6a000a59458
	at testCases.TC027_CustomerAddTest.customerAdd(TC027_CustomerAddTest.java:58)
	at java.base/java.util.ArrayList.forEach(ArrayList.java:1597)
... Removed 26 stack frames
</div> <!-- stack-trace -->
                </div> <!-- method-content -->
              </div> <!-- method -->
            </div> <!-- main-panel-content rounded-window-bottom -->
          </div> <!-- suite-Retry_Failed_Tests_XML_Suite-class-failed -->
          <div class="suite-Retry_Failed_Tests_XML_Suite-class-failed">
            <div class="main-panel-header rounded-window-top">
              <img src="failed.png"/>
              <span class="class-name">testCases.TC030_EmployeeAddTest</span>
            </div> <!-- main-panel-header rounded-window-top -->
            <div class="main-panel-content rounded-window-bottom">
              <div class="method">
                <div class="method-content">
                  <a name="employeeAdd">
                  </a> <!-- employeeAdd -->
                  <span class="method-name">employeeAdd</span>
                  <div class="stack-trace">java.lang.AssertionError: Test failed due to an exception: no such element: Unable to locate element: {&quot;method&quot;:&quot;xpath&quot;,&quot;selector&quot;:&quot;//span[@class=&apos;whitespace-nowrap&apos;][normalize-space()=&apos;Log in&apos;]&quot;}
  (Session info: chrome=134.0.6998.36)
For documentation on this error, please visit: https://www.selenium.dev/documentation/webdriver/troubleshooting/errors#no-such-element-exception
Build info: version: &apos;4.29.0&apos;, revision: &apos;5fc1ec94cb&apos;
System info: os.name: &apos;Windows 11&apos;, os.arch: &apos;amd64&apos;, os.version: &apos;10.0&apos;, java.version: &apos;23.0.1&apos;
Driver info: org.openqa.selenium.chrome.ChromeDriver
Command: [a8db93f9addb648c69d4b07056c3d94a, findElement {using=xpath, value=//span[@class=&apos;whitespace-nowrap&apos;][normalize-space()=&apos;Log in&apos;]}]
Capabilities {acceptInsecureCerts: false, browserName: chrome, browserVersion: 134.0.6998.36, chrome: {chromedriverVersion: 134.0.6998.88 (7e3d5c978c6d..., userDataDir: C:\Users\tahmi\AppData\Loca...}, fedcm:accounts: true, goog:chromeOptions: {debuggerAddress: localhost:54137}, networkConnectionEnabled: false, pageLoadStrategy: normal, platformName: windows, proxy: Proxy(), se:cdp: ws://localhost:54137/devtoo..., se:cdpVersion: 134.0.6998.36, setWindowRect: true, strictFileInteractability: false, timeouts: {implicit: 0, pageLoad: 300000, script: 30000}, unhandledPromptBehavior: dismiss and notify, webauthn:extension:credBlob: true, webauthn:extension:largeBlob: true, webauthn:extension:minPinLength: true, webauthn:extension:prf: true, webauthn:virtualAuthenticators: true}
Session ID: a8db93f9addb648c69d4b07056c3d94a
	at testCases.TC030_EmployeeAddTest.employeeAdd(TC030_EmployeeAddTest.java:61)
	at java.base/java.util.ArrayList.forEach(ArrayList.java:1597)
... Removed 26 stack frames
</div> <!-- stack-trace -->
                </div> <!-- method-content -->
              </div> <!-- method -->
            </div> <!-- main-panel-content rounded-window-bottom -->
          </div> <!-- suite-Retry_Failed_Tests_XML_Suite-class-failed -->
          <div class="suite-Retry_Failed_Tests_XML_Suite-class-failed">
            <div class="main-panel-header rounded-window-top">
              <img src="failed.png"/>
              <span class="class-name">testCases.TC024_DeliveryBoyAddTest</span>
            </div> <!-- main-panel-header rounded-window-top -->
            <div class="main-panel-content rounded-window-bottom">
              <div class="method">
                <div class="method-content">
                  <a name="deliveryBoyAdd">
                  </a> <!-- deliveryBoyAdd -->
                  <span class="method-name">deliveryBoyAdd</span>
                  <div class="stack-trace">java.lang.AssertionError: Test failed due to an exception: no such element: Unable to locate element: {&quot;method&quot;:&quot;xpath&quot;,&quot;selector&quot;:&quot;//span[@class=&apos;whitespace-nowrap&apos;][normalize-space()=&apos;Log in&apos;]&quot;}
  (Session info: chrome=134.0.6998.36)
For documentation on this error, please visit: https://www.selenium.dev/documentation/webdriver/troubleshooting/errors#no-such-element-exception
Build info: version: &apos;4.29.0&apos;, revision: &apos;5fc1ec94cb&apos;
System info: os.name: &apos;Windows 11&apos;, os.arch: &apos;amd64&apos;, os.version: &apos;10.0&apos;, java.version: &apos;23.0.1&apos;
Driver info: org.openqa.selenium.chrome.ChromeDriver
Command: [8f3933a536cfe6c66a0781f9164f35e9, findElement {using=xpath, value=//span[@class=&apos;whitespace-nowrap&apos;][normalize-space()=&apos;Log in&apos;]}]
Capabilities {acceptInsecureCerts: false, browserName: chrome, browserVersion: 134.0.6998.36, chrome: {chromedriverVersion: 134.0.6998.88 (7e3d5c978c6d..., userDataDir: C:\Users\tahmi\AppData\Loca...}, fedcm:accounts: true, goog:chromeOptions: {debuggerAddress: localhost:54010}, networkConnectionEnabled: false, pageLoadStrategy: normal, platformName: windows, proxy: Proxy(), se:cdp: ws://localhost:54010/devtoo..., se:cdpVersion: 134.0.6998.36, setWindowRect: true, strictFileInteractability: false, timeouts: {implicit: 0, pageLoad: 300000, script: 30000}, unhandledPromptBehavior: dismiss and notify, webauthn:extension:credBlob: true, webauthn:extension:largeBlob: true, webauthn:extension:minPinLength: true, webauthn:extension:prf: true, webauthn:virtualAuthenticators: true}
Session ID: 8f3933a536cfe6c66a0781f9164f35e9
	at testCases.TC024_DeliveryBoyAddTest.deliveryBoyAdd(TC024_DeliveryBoyAddTest.java:58)
	at java.base/java.util.ArrayList.forEach(ArrayList.java:1597)
... Removed 26 stack frames
</div> <!-- stack-trace -->
                </div> <!-- method-content -->
              </div> <!-- method -->
            </div> <!-- main-panel-content rounded-window-bottom -->
          </div> <!-- suite-Retry_Failed_Tests_XML_Suite-class-failed -->
          <div class="suite-Retry_Failed_Tests_XML_Suite-class-failed">
            <div class="main-panel-header rounded-window-top">
              <img src="failed.png"/>
              <span class="class-name">testCases.TC021_AdministratorsAddTest</span>
            </div> <!-- main-panel-header rounded-window-top -->
            <div class="main-panel-content rounded-window-bottom">
              <div class="method">
                <div class="method-content">
                  <a name="administratorsAdd">
                  </a> <!-- administratorsAdd -->
                  <span class="method-name">administratorsAdd</span>
                  <div class="stack-trace">java.lang.AssertionError: Test failed due to an exception: no such element: Unable to locate element: {&quot;method&quot;:&quot;xpath&quot;,&quot;selector&quot;:&quot;//span[@class=&apos;whitespace-nowrap&apos;][normalize-space()=&apos;Log in&apos;]&quot;}
  (Session info: chrome=134.0.6998.36)
For documentation on this error, please visit: https://www.selenium.dev/documentation/webdriver/troubleshooting/errors#no-such-element-exception
Build info: version: &apos;4.29.0&apos;, revision: &apos;5fc1ec94cb&apos;
System info: os.name: &apos;Windows 11&apos;, os.arch: &apos;amd64&apos;, os.version: &apos;10.0&apos;, java.version: &apos;23.0.1&apos;
Driver info: org.openqa.selenium.chrome.ChromeDriver
Command: [e3bb7ad37c52faae69821fe8622c429b, findElement {using=xpath, value=//span[@class=&apos;whitespace-nowrap&apos;][normalize-space()=&apos;Log in&apos;]}]
Capabilities {acceptInsecureCerts: false, browserName: chrome, browserVersion: 134.0.6998.36, chrome: {chromedriverVersion: 134.0.6998.88 (7e3d5c978c6d..., userDataDir: C:\Users\tahmi\AppData\Loca...}, fedcm:accounts: true, goog:chromeOptions: {debuggerAddress: localhost:53946}, networkConnectionEnabled: false, pageLoadStrategy: normal, platformName: windows, proxy: Proxy(), se:cdp: ws://localhost:53946/devtoo..., se:cdpVersion: 134.0.6998.36, setWindowRect: true, strictFileInteractability: false, timeouts: {implicit: 0, pageLoad: 300000, script: 30000}, unhandledPromptBehavior: dismiss and notify, webauthn:extension:credBlob: true, webauthn:extension:largeBlob: true, webauthn:extension:minPinLength: true, webauthn:extension:prf: true, webauthn:virtualAuthenticators: true}
Session ID: e3bb7ad37c52faae69821fe8622c429b
	at testCases.TC021_AdministratorsAddTest.administratorsAdd(TC021_AdministratorsAddTest.java:61)
	at java.base/java.util.ArrayList.forEach(ArrayList.java:1597)
... Removed 26 stack frames
</div> <!-- stack-trace -->
                </div> <!-- method-content -->
              </div> <!-- method -->
            </div> <!-- main-panel-content rounded-window-bottom -->
          </div> <!-- suite-Retry_Failed_Tests_XML_Suite-class-failed -->
          <div class="suite-Retry_Failed_Tests_XML_Suite-class-skipped">
            <div class="main-panel-header rounded-window-top">
              <img src="skipped.png"/>
              <span class="class-name">testCases.TC027_CustomerAddTest</span>
            </div> <!-- main-panel-header rounded-window-top -->
            <div class="main-panel-content rounded-window-bottom">
              <div class="method">
                <div class="method-content">
                  <a name="customerAdd">
                  </a> <!-- customerAdd -->
                  <span class="method-name">customerAdd</span>
                  <div class="stack-trace">java.lang.AssertionError: Test failed due to an exception: no such element: Unable to locate element: {&quot;method&quot;:&quot;xpath&quot;,&quot;selector&quot;:&quot;//span[@class=&apos;whitespace-nowrap&apos;][normalize-space()=&apos;Log in&apos;]&quot;}
  (Session info: chrome=134.0.6998.36)
For documentation on this error, please visit: https://www.selenium.dev/documentation/webdriver/troubleshooting/errors#no-such-element-exception
Build info: version: &apos;4.29.0&apos;, revision: &apos;5fc1ec94cb&apos;
System info: os.name: &apos;Windows 11&apos;, os.arch: &apos;amd64&apos;, os.version: &apos;10.0&apos;, java.version: &apos;23.0.1&apos;
Driver info: org.openqa.selenium.chrome.ChromeDriver
Command: [df41eaebae68b552e128f6a000a59458, findElement {using=xpath, value=//span[@class=&apos;whitespace-nowrap&apos;][normalize-space()=&apos;Log in&apos;]}]
Capabilities {acceptInsecureCerts: false, browserName: chrome, browserVersion: 134.0.6998.36, chrome: {chromedriverVersion: 134.0.6998.88 (7e3d5c978c6d..., userDataDir: C:\Users\tahmi\AppData\Loca...}, fedcm:accounts: true, goog:chromeOptions: {debuggerAddress: localhost:54074}, networkConnectionEnabled: false, pageLoadStrategy: normal, platformName: windows, proxy: Proxy(), se:cdp: ws://localhost:54074/devtoo..., se:cdpVersion: 134.0.6998.36, setWindowRect: true, strictFileInteractability: false, timeouts: {implicit: 0, pageLoad: 300000, script: 30000}, unhandledPromptBehavior: dismiss and notify, webauthn:extension:credBlob: true, webauthn:extension:largeBlob: true, webauthn:extension:minPinLength: true, webauthn:extension:prf: true, webauthn:virtualAuthenticators: true}
Session ID: df41eaebae68b552e128f6a000a59458
	at testCases.TC027_CustomerAddTest.customerAdd(TC027_CustomerAddTest.java:58)
	at java.base/java.util.ArrayList.forEach(ArrayList.java:1597)
... Removed 26 stack frames
</div> <!-- stack-trace -->
                </div> <!-- method-content -->
              </div> <!-- method -->
              <div class="method">
                <div class="method-content">
                  <a name="customerAdd">
                  </a> <!-- customerAdd -->
                  <span class="method-name">customerAdd</span>
                  <div class="stack-trace">java.lang.AssertionError: Test failed due to an exception: Expected condition failed: waiting for presence of element located by: By.xpath: //td[contains(normalize-space(), &quot;Elon Musk&quot;)] (tried for 10 second(s) with 500 milliseconds interval)
	at testCases.TC027_CustomerAddTest.customerAdd(TC027_CustomerAddTest.java:58)
	at java.base/java.util.ArrayList.forEach(ArrayList.java:1597)
... Removed 26 stack frames
</div> <!-- stack-trace -->
                </div> <!-- method-content -->
              </div> <!-- method -->
            </div> <!-- main-panel-content rounded-window-bottom -->
          </div> <!-- suite-Retry_Failed_Tests_XML_Suite-class-skipped -->
          <div class="suite-Retry_Failed_Tests_XML_Suite-class-skipped">
            <div class="main-panel-header rounded-window-top">
              <img src="skipped.png"/>
              <span class="class-name">testCases.TC023_AdministratorsDeleteTest</span>
            </div> <!-- main-panel-header rounded-window-top -->
            <div class="main-panel-content rounded-window-bottom">
              <div class="method">
                <div class="method-content">
                  <a name="administratorsDelete">
                  </a> <!-- administratorsDelete -->
                  <span class="method-name">administratorsDelete</span>
                  <div class="stack-trace">java.lang.Throwable: Method TC023_AdministratorsDeleteTest.administratorsDelete()[pri:0, instance:testCases.TC023_AdministratorsDeleteTest@40a4337a] depends on not successfully finished methods
	at java.base/java.util.ArrayList.forEach(ArrayList.java:1597)
... Removed 18 stack frames
</div> <!-- stack-trace -->
                </div> <!-- method-content -->
              </div> <!-- method -->
            </div> <!-- main-panel-content rounded-window-bottom -->
          </div> <!-- suite-Retry_Failed_Tests_XML_Suite-class-skipped -->
          <div class="suite-Retry_Failed_Tests_XML_Suite-class-skipped">
            <div class="main-panel-header rounded-window-top">
              <img src="skipped.png"/>
              <span class="class-name">testCases.TC029_CustomerDeleteTest</span>
            </div> <!-- main-panel-header rounded-window-top -->
            <div class="main-panel-content rounded-window-bottom">
              <div class="method">
                <div class="method-content">
                  <a name="customerDelete">
                  </a> <!-- customerDelete -->
                  <span class="method-name">customerDelete</span>
                  <div class="stack-trace">java.lang.Throwable: Method TC029_CustomerDeleteTest.customerDelete()[pri:0, instance:testCases.TC029_CustomerDeleteTest@5b12b668] depends on not successfully finished methods
	at java.base/java.util.ArrayList.forEach(ArrayList.java:1597)
... Removed 18 stack frames
</div> <!-- stack-trace -->
                </div> <!-- method-content -->
              </div> <!-- method -->
            </div> <!-- main-panel-content rounded-window-bottom -->
          </div> <!-- suite-Retry_Failed_Tests_XML_Suite-class-skipped -->
          <div class="suite-Retry_Failed_Tests_XML_Suite-class-skipped">
            <div class="main-panel-header rounded-window-top">
              <img src="skipped.png"/>
              <span class="class-name">testCases.TC030_EmployeeAddTest</span>
            </div> <!-- main-panel-header rounded-window-top -->
            <div class="main-panel-content rounded-window-bottom">
              <div class="method">
                <div class="method-content">
                  <a name="employeeAdd">
                  </a> <!-- employeeAdd -->
                  <span class="method-name">employeeAdd</span>
                  <div class="stack-trace">java.lang.AssertionError: Test failed due to an exception: no such element: Unable to locate element: {&quot;method&quot;:&quot;xpath&quot;,&quot;selector&quot;:&quot;//span[@class=&apos;whitespace-nowrap&apos;][normalize-space()=&apos;Log in&apos;]&quot;}
  (Session info: chrome=134.0.6998.36)
For documentation on this error, please visit: https://www.selenium.dev/documentation/webdriver/troubleshooting/errors#no-such-element-exception
Build info: version: &apos;4.29.0&apos;, revision: &apos;5fc1ec94cb&apos;
System info: os.name: &apos;Windows 11&apos;, os.arch: &apos;amd64&apos;, os.version: &apos;10.0&apos;, java.version: &apos;23.0.1&apos;
Driver info: org.openqa.selenium.chrome.ChromeDriver
Command: [a8db93f9addb648c69d4b07056c3d94a, findElement {using=xpath, value=//span[@class=&apos;whitespace-nowrap&apos;][normalize-space()=&apos;Log in&apos;]}]
Capabilities {acceptInsecureCerts: false, browserName: chrome, browserVersion: 134.0.6998.36, chrome: {chromedriverVersion: 134.0.6998.88 (7e3d5c978c6d..., userDataDir: C:\Users\tahmi\AppData\Loca...}, fedcm:accounts: true, goog:chromeOptions: {debuggerAddress: localhost:54137}, networkConnectionEnabled: false, pageLoadStrategy: normal, platformName: windows, proxy: Proxy(), se:cdp: ws://localhost:54137/devtoo..., se:cdpVersion: 134.0.6998.36, setWindowRect: true, strictFileInteractability: false, timeouts: {implicit: 0, pageLoad: 300000, script: 30000}, unhandledPromptBehavior: dismiss and notify, webauthn:extension:credBlob: true, webauthn:extension:largeBlob: true, webauthn:extension:minPinLength: true, webauthn:extension:prf: true, webauthn:virtualAuthenticators: true}
Session ID: a8db93f9addb648c69d4b07056c3d94a
	at testCases.TC030_EmployeeAddTest.employeeAdd(TC030_EmployeeAddTest.java:61)
	at java.base/java.util.ArrayList.forEach(ArrayList.java:1597)
... Removed 26 stack frames
</div> <!-- stack-trace -->
                </div> <!-- method-content -->
              </div> <!-- method -->
              <div class="method">
                <div class="method-content">
                  <a name="employeeAdd">
                  </a> <!-- employeeAdd -->
                  <span class="method-name">employeeAdd</span>
                  <div class="stack-trace">java.lang.AssertionError: Test failed due to an exception: Expected condition failed: waiting for presence of element located by: By.xpath: //td[contains(normalize-space(), &quot;Elon Musk&quot;)] (tried for 10 second(s) with 500 milliseconds interval)
	at testCases.TC030_EmployeeAddTest.employeeAdd(TC030_EmployeeAddTest.java:61)
	at java.base/java.util.ArrayList.forEach(ArrayList.java:1597)
... Removed 26 stack frames
</div> <!-- stack-trace -->
                </div> <!-- method-content -->
              </div> <!-- method -->
            </div> <!-- main-panel-content rounded-window-bottom -->
          </div> <!-- suite-Retry_Failed_Tests_XML_Suite-class-skipped -->
          <div class="suite-Retry_Failed_Tests_XML_Suite-class-skipped">
            <div class="main-panel-header rounded-window-top">
              <img src="skipped.png"/>
              <span class="class-name">testCases.TC028_CustomerEditTest</span>
            </div> <!-- main-panel-header rounded-window-top -->
            <div class="main-panel-content rounded-window-bottom">
              <div class="method">
                <div class="method-content">
                  <a name="customerEdit">
                  </a> <!-- customerEdit -->
                  <span class="method-name">customerEdit</span>
                  <div class="stack-trace">java.lang.Throwable: Method TC028_CustomerEditTest.customerEdit()[pri:0, instance:testCases.TC028_CustomerEditTest@327514f] depends on not successfully finished methods
	at java.base/java.util.ArrayList.forEach(ArrayList.java:1597)
... Removed 18 stack frames
</div> <!-- stack-trace -->
                </div> <!-- method-content -->
              </div> <!-- method -->
            </div> <!-- main-panel-content rounded-window-bottom -->
          </div> <!-- suite-Retry_Failed_Tests_XML_Suite-class-skipped -->
          <div class="suite-Retry_Failed_Tests_XML_Suite-class-skipped">
            <div class="main-panel-header rounded-window-top">
              <img src="skipped.png"/>
              <span class="class-name">testCases.TC025_DeliveryBoyEditTest</span>
            </div> <!-- main-panel-header rounded-window-top -->
            <div class="main-panel-content rounded-window-bottom">
              <div class="method">
                <div class="method-content">
                  <a name="deliveryBoyEdit">
                  </a> <!-- deliveryBoyEdit -->
                  <span class="method-name">deliveryBoyEdit</span>
                  <div class="stack-trace">java.lang.Throwable: Method TC025_DeliveryBoyEditTest.deliveryBoyEdit()[pri:0, instance:testCases.TC025_DeliveryBoyEditTest@22ff4249] depends on not successfully finished methods
	at java.base/java.util.ArrayList.forEach(ArrayList.java:1597)
... Removed 18 stack frames
</div> <!-- stack-trace -->
                </div> <!-- method-content -->
              </div> <!-- method -->
            </div> <!-- main-panel-content rounded-window-bottom -->
          </div> <!-- suite-Retry_Failed_Tests_XML_Suite-class-skipped -->
          <div class="suite-Retry_Failed_Tests_XML_Suite-class-skipped">
            <div class="main-panel-header rounded-window-top">
              <img src="skipped.png"/>
              <span class="class-name">testCases.TC026_DeliveryBoyDeleteTest</span>
            </div> <!-- main-panel-header rounded-window-top -->
            <div class="main-panel-content rounded-window-bottom">
              <div class="method">
                <div class="method-content">
                  <a name="deliveryBoyDelete">
                  </a> <!-- deliveryBoyDelete -->
                  <span class="method-name">deliveryBoyDelete</span>
                  <div class="stack-trace">java.lang.Throwable: Method TC026_DeliveryBoyDeleteTest.deliveryBoyDelete()[pri:0, instance:testCases.TC026_DeliveryBoyDeleteTest@2d1ef81a] depends on not successfully finished methods
	at java.base/java.util.ArrayList.forEach(ArrayList.java:1597)
... Removed 18 stack frames
</div> <!-- stack-trace -->
                </div> <!-- method-content -->
              </div> <!-- method -->
            </div> <!-- main-panel-content rounded-window-bottom -->
          </div> <!-- suite-Retry_Failed_Tests_XML_Suite-class-skipped -->
          <div class="suite-Retry_Failed_Tests_XML_Suite-class-skipped">
            <div class="main-panel-header rounded-window-top">
              <img src="skipped.png"/>
              <span class="class-name">testCases.TC024_DeliveryBoyAddTest</span>
            </div> <!-- main-panel-header rounded-window-top -->
            <div class="main-panel-content rounded-window-bottom">
              <div class="method">
                <div class="method-content">
                  <a name="deliveryBoyAdd">
                  </a> <!-- deliveryBoyAdd -->
                  <span class="method-name">deliveryBoyAdd</span>
                  <div class="stack-trace">java.lang.AssertionError: Test failed due to an exception: no such element: Unable to locate element: {&quot;method&quot;:&quot;xpath&quot;,&quot;selector&quot;:&quot;//span[@class=&apos;whitespace-nowrap&apos;][normalize-space()=&apos;Log in&apos;]&quot;}
  (Session info: chrome=134.0.6998.36)
For documentation on this error, please visit: https://www.selenium.dev/documentation/webdriver/troubleshooting/errors#no-such-element-exception
Build info: version: &apos;4.29.0&apos;, revision: &apos;5fc1ec94cb&apos;
System info: os.name: &apos;Windows 11&apos;, os.arch: &apos;amd64&apos;, os.version: &apos;10.0&apos;, java.version: &apos;23.0.1&apos;
Driver info: org.openqa.selenium.chrome.ChromeDriver
Command: [8f3933a536cfe6c66a0781f9164f35e9, findElement {using=xpath, value=//span[@class=&apos;whitespace-nowrap&apos;][normalize-space()=&apos;Log in&apos;]}]
Capabilities {acceptInsecureCerts: false, browserName: chrome, browserVersion: 134.0.6998.36, chrome: {chromedriverVersion: 134.0.6998.88 (7e3d5c978c6d..., userDataDir: C:\Users\tahmi\AppData\Loca...}, fedcm:accounts: true, goog:chromeOptions: {debuggerAddress: localhost:54010}, networkConnectionEnabled: false, pageLoadStrategy: normal, platformName: windows, proxy: Proxy(), se:cdp: ws://localhost:54010/devtoo..., se:cdpVersion: 134.0.6998.36, setWindowRect: true, strictFileInteractability: false, timeouts: {implicit: 0, pageLoad: 300000, script: 30000}, unhandledPromptBehavior: dismiss and notify, webauthn:extension:credBlob: true, webauthn:extension:largeBlob: true, webauthn:extension:minPinLength: true, webauthn:extension:prf: true, webauthn:virtualAuthenticators: true}
Session ID: 8f3933a536cfe6c66a0781f9164f35e9
	at testCases.TC024_DeliveryBoyAddTest.deliveryBoyAdd(TC024_DeliveryBoyAddTest.java:58)
	at java.base/java.util.ArrayList.forEach(ArrayList.java:1597)
... Removed 26 stack frames
</div> <!-- stack-trace -->
                </div> <!-- method-content -->
              </div> <!-- method -->
              <div class="method">
                <div class="method-content">
                  <a name="deliveryBoyAdd">
                  </a> <!-- deliveryBoyAdd -->
                  <span class="method-name">deliveryBoyAdd</span>
                  <div class="stack-trace">java.lang.AssertionError: Test failed due to an exception: Expected condition failed: waiting for presence of element located by: By.xpath: //td[contains(normalize-space(), &quot;Elon Musk&quot;)] (tried for 10 second(s) with 500 milliseconds interval)
	at testCases.TC024_DeliveryBoyAddTest.deliveryBoyAdd(TC024_DeliveryBoyAddTest.java:58)
	at java.base/java.util.ArrayList.forEach(ArrayList.java:1597)
... Removed 26 stack frames
</div> <!-- stack-trace -->
                </div> <!-- method-content -->
              </div> <!-- method -->
            </div> <!-- main-panel-content rounded-window-bottom -->
          </div> <!-- suite-Retry_Failed_Tests_XML_Suite-class-skipped -->
          <div class="suite-Retry_Failed_Tests_XML_Suite-class-skipped">
            <div class="main-panel-header rounded-window-top">
              <img src="skipped.png"/>
              <span class="class-name">testCases.TC031_EmployeeEditTest</span>
            </div> <!-- main-panel-header rounded-window-top -->
            <div class="main-panel-content rounded-window-bottom">
              <div class="method">
                <div class="method-content">
                  <a name="employeeEdit">
                  </a> <!-- employeeEdit -->
                  <span class="method-name">employeeEdit</span>
                  <div class="stack-trace">java.lang.Throwable: Method TC031_EmployeeEditTest.employeeEdit()[pri:0, instance:testCases.TC031_EmployeeEditTest@4c12331b] depends on not successfully finished methods
	at java.base/java.util.ArrayList.forEach(ArrayList.java:1597)
... Removed 18 stack frames
</div> <!-- stack-trace -->
                </div> <!-- method-content -->
              </div> <!-- method -->
            </div> <!-- main-panel-content rounded-window-bottom -->
          </div> <!-- suite-Retry_Failed_Tests_XML_Suite-class-skipped -->
          <div class="suite-Retry_Failed_Tests_XML_Suite-class-skipped">
            <div class="main-panel-header rounded-window-top">
              <img src="skipped.png"/>
              <span class="class-name">testCases.TC022_AdministratorsEditTest</span>
            </div> <!-- main-panel-header rounded-window-top -->
            <div class="main-panel-content rounded-window-bottom">
              <div class="method">
                <div class="method-content">
                  <a name="administratorsEdit">
                  </a> <!-- administratorsEdit -->
                  <span class="method-name">administratorsEdit</span>
                  <div class="stack-trace">java.lang.Throwable: Method TC022_AdministratorsEditTest.administratorsEdit()[pri:0, instance:testCases.TC022_AdministratorsEditTest@6a6cb05c] depends on not successfully finished methods
	at java.base/java.util.ArrayList.forEach(ArrayList.java:1597)
... Removed 18 stack frames
</div> <!-- stack-trace -->
                </div> <!-- method-content -->
              </div> <!-- method -->
            </div> <!-- main-panel-content rounded-window-bottom -->
          </div> <!-- suite-Retry_Failed_Tests_XML_Suite-class-skipped -->
          <div class="suite-Retry_Failed_Tests_XML_Suite-class-skipped">
            <div class="main-panel-header rounded-window-top">
              <img src="skipped.png"/>
              <span class="class-name">testCases.TC032_EmployeeDeleteTest</span>
            </div> <!-- main-panel-header rounded-window-top -->
            <div class="main-panel-content rounded-window-bottom">
              <div class="method">
                <div class="method-content">
                  <a name="employeeDelete">
                  </a> <!-- employeeDelete -->
                  <span class="method-name">employeeDelete</span>
                  <div class="stack-trace">java.lang.Throwable: Method TC032_EmployeeDeleteTest.employeeDelete()[pri:0, instance:testCases.TC032_EmployeeDeleteTest@7586beff] depends on not successfully finished methods
	at java.base/java.util.ArrayList.forEach(ArrayList.java:1597)
... Removed 18 stack frames
</div> <!-- stack-trace -->
                </div> <!-- method-content -->
              </div> <!-- method -->
            </div> <!-- main-panel-content rounded-window-bottom -->
          </div> <!-- suite-Retry_Failed_Tests_XML_Suite-class-skipped -->
          <div class="suite-Retry_Failed_Tests_XML_Suite-class-skipped">
            <div class="main-panel-header rounded-window-top">
              <img src="skipped.png"/>
              <span class="class-name">testCases.TC021_AdministratorsAddTest</span>
            </div> <!-- main-panel-header rounded-window-top -->
            <div class="main-panel-content rounded-window-bottom">
              <div class="method">
                <div class="method-content">
                  <a name="administratorsAdd">
                  </a> <!-- administratorsAdd -->
                  <span class="method-name">administratorsAdd</span>
                  <div class="stack-trace">java.lang.AssertionError: Test failed due to an exception: no such element: Unable to locate element: {&quot;method&quot;:&quot;xpath&quot;,&quot;selector&quot;:&quot;//span[@class=&apos;whitespace-nowrap&apos;][normalize-space()=&apos;Log in&apos;]&quot;}
  (Session info: chrome=134.0.6998.36)
For documentation on this error, please visit: https://www.selenium.dev/documentation/webdriver/troubleshooting/errors#no-such-element-exception
Build info: version: &apos;4.29.0&apos;, revision: &apos;5fc1ec94cb&apos;
System info: os.name: &apos;Windows 11&apos;, os.arch: &apos;amd64&apos;, os.version: &apos;10.0&apos;, java.version: &apos;23.0.1&apos;
Driver info: org.openqa.selenium.chrome.ChromeDriver
Command: [e3bb7ad37c52faae69821fe8622c429b, findElement {using=xpath, value=//span[@class=&apos;whitespace-nowrap&apos;][normalize-space()=&apos;Log in&apos;]}]
Capabilities {acceptInsecureCerts: false, browserName: chrome, browserVersion: 134.0.6998.36, chrome: {chromedriverVersion: 134.0.6998.88 (7e3d5c978c6d..., userDataDir: C:\Users\tahmi\AppData\Loca...}, fedcm:accounts: true, goog:chromeOptions: {debuggerAddress: localhost:53946}, networkConnectionEnabled: false, pageLoadStrategy: normal, platformName: windows, proxy: Proxy(), se:cdp: ws://localhost:53946/devtoo..., se:cdpVersion: 134.0.6998.36, setWindowRect: true, strictFileInteractability: false, timeouts: {implicit: 0, pageLoad: 300000, script: 30000}, unhandledPromptBehavior: dismiss and notify, webauthn:extension:credBlob: true, webauthn:extension:largeBlob: true, webauthn:extension:minPinLength: true, webauthn:extension:prf: true, webauthn:virtualAuthenticators: true}
Session ID: e3bb7ad37c52faae69821fe8622c429b
	at testCases.TC021_AdministratorsAddTest.administratorsAdd(TC021_AdministratorsAddTest.java:61)
	at java.base/java.util.ArrayList.forEach(ArrayList.java:1597)
... Removed 26 stack frames
</div> <!-- stack-trace -->
                </div> <!-- method-content -->
              </div> <!-- method -->
              <div class="method">
                <div class="method-content">
                  <a name="administratorsAdd">
                  </a> <!-- administratorsAdd -->
                  <span class="method-name">administratorsAdd</span>
                  <div class="stack-trace">java.lang.AssertionError: Test failed due to an exception: Expected condition failed: waiting for presence of element located by: By.xpath: //td[contains(normalize-space(), &quot;Elon Musk&quot;)] (tried for 10 second(s) with 500 milliseconds interval)
	at testCases.TC021_AdministratorsAddTest.administratorsAdd(TC021_AdministratorsAddTest.java:61)
	at java.base/java.util.ArrayList.forEach(ArrayList.java:1597)
... Removed 26 stack frames
</div> <!-- stack-trace -->
                </div> <!-- method-content -->
              </div> <!-- method -->
            </div> <!-- main-panel-content rounded-window-bottom -->
          </div> <!-- suite-Retry_Failed_Tests_XML_Suite-class-skipped -->
        </div> <!-- panel Retry_Failed_Tests_XML_Suite -->
        <div panel-name="test-xml-Retry_Failed_Tests_XML_Suite" class="panel">
          <div class="main-panel-header rounded-window-top">
            <span class="header-content">E:\All Activities-Documents\Selenium Workspace\ShopFlowAutomator\retryFailedTestCases.xml</span>
          </div> <!-- main-panel-header rounded-window-top -->
          <div class="main-panel-content rounded-window-bottom">
            <pre>
&lt;?xml version=&quot;1.0&quot; encoding=&quot;UTF-8&quot;?&gt;
&lt;!DOCTYPE suite SYSTEM &quot;https://testng.org/testng-1.0.dtd&quot;&gt;
&lt;suite name=&quot;Retry Failed Tests XML Suite&quot; guice-stage=&quot;DEVELOPMENT&quot;&gt;
  &lt;listeners&gt;
    &lt;listener class-name=&quot;utilities.AnnotationTransformer&quot;/&gt;
  &lt;/listeners&gt;
  &lt;test thread-count=&quot;5&quot; name=&quot;Retry Mulitple Tests&quot;&gt;
    &lt;classes&gt;
      &lt;class name=&quot;testCases.TC021_AdministratorsAddTest&quot;/&gt;
      &lt;class name=&quot;testCases.TC022_AdministratorsEditTest&quot;/&gt;
      &lt;class name=&quot;testCases.TC023_AdministratorsDeleteTest&quot;/&gt;
      &lt;class name=&quot;testCases.TC024_DeliveryBoyAddTest&quot;/&gt;
      &lt;class name=&quot;testCases.TC025_DeliveryBoyEditTest&quot;/&gt;
      &lt;class name=&quot;testCases.TC026_DeliveryBoyDeleteTest&quot;/&gt;
      &lt;class name=&quot;testCases.TC027_CustomerAddTest&quot;/&gt;
      &lt;class name=&quot;testCases.TC028_CustomerEditTest&quot;/&gt;
      &lt;class name=&quot;testCases.TC029_CustomerDeleteTest&quot;/&gt;
      &lt;class name=&quot;testCases.TC030_EmployeeAddTest&quot;/&gt;
      &lt;class name=&quot;testCases.TC031_EmployeeEditTest&quot;/&gt;
      &lt;class name=&quot;testCases.TC032_EmployeeDeleteTest&quot;/&gt;
    &lt;/classes&gt;
  &lt;/test&gt; &lt;!-- Retry Mulitple Tests --&gt;
&lt;/suite&gt; &lt;!-- Retry Failed Tests XML Suite --&gt;
            </pre>
          </div> <!-- main-panel-content rounded-window-bottom -->
        </div> <!-- panel -->
        <div panel-name="testlist-Retry_Failed_Tests_XML_Suite" class="panel">
          <div class="main-panel-header rounded-window-top">
            <span class="header-content">Tests for Retry Failed Tests XML Suite</span>
          </div> <!-- main-panel-header rounded-window-top -->
          <div class="main-panel-content rounded-window-bottom">
            <ul>
              <li>
                <span class="test-name">Retry Mulitple Tests (12 classes)</span>
              </li>
            </ul>
          </div> <!-- main-panel-content rounded-window-bottom -->
        </div> <!-- panel -->
        <div panel-name="group-Retry_Failed_Tests_XML_Suite" class="panel">
          <div class="main-panel-header rounded-window-top">
            <span class="header-content">Groups for Retry Failed Tests XML Suite</span>
          </div> <!-- main-panel-header rounded-window-top -->
          <div class="main-panel-content rounded-window-bottom">
            <div class="test-group">
              <span class="test-group-name">Admin</span>
              <br/>
              <div class="method-in-group">
                <span class="method-in-group-name">administratorsAdd</span>
                <br/>
              </div> <!-- method-in-group -->
              <div class="method-in-group">
                <span class="method-in-group-name">administratorsDelete</span>
                <br/>
              </div> <!-- method-in-group -->
              <div class="method-in-group">
                <span class="method-in-group-name">administratorsEdit</span>
                <br/>
              </div> <!-- method-in-group -->
            </div> <!-- test-group -->
            <div class="test-group">
              <span class="test-group-name">Customer</span>
              <br/>
              <div class="method-in-group">
                <span class="method-in-group-name">customerAdd</span>
                <br/>
              </div> <!-- method-in-group -->
              <div class="method-in-group">
                <span class="method-in-group-name">customerDelete</span>
                <br/>
              </div> <!-- method-in-group -->
              <div class="method-in-group">
                <span class="method-in-group-name">customerEdit</span>
                <br/>
              </div> <!-- method-in-group -->
            </div> <!-- test-group -->
            <div class="test-group">
              <span class="test-group-name">DeliveryBoy</span>
              <br/>
              <div class="method-in-group">
                <span class="method-in-group-name">deliveryBoyAdd</span>
                <br/>
              </div> <!-- method-in-group -->
              <div class="method-in-group">
                <span class="method-in-group-name">deliveryBoyDelete</span>
                <br/>
              </div> <!-- method-in-group -->
              <div class="method-in-group">
                <span class="method-in-group-name">deliveryBoyEdit</span>
                <br/>
              </div> <!-- method-in-group -->
            </div> <!-- test-group -->
            <div class="test-group">
              <span class="test-group-name">Employee</span>
              <br/>
              <div class="method-in-group">
                <span class="method-in-group-name">employeeAdd</span>
                <br/>
              </div> <!-- method-in-group -->
              <div class="method-in-group">
                <span class="method-in-group-name">employeeDelete</span>
                <br/>
              </div> <!-- method-in-group -->
              <div class="method-in-group">
                <span class="method-in-group-name">employeeEdit</span>
                <br/>
              </div> <!-- method-in-group -->
            </div> <!-- test-group -->
            <div class="test-group">
              <span class="test-group-name">Master</span>
              <br/>
              <div class="method-in-group">
                <span class="method-in-group-name">administratorsAdd</span>
                <br/>
              </div> <!-- method-in-group -->
              <div class="method-in-group">
                <span class="method-in-group-name">administratorsDelete</span>
                <br/>
              </div> <!-- method-in-group -->
              <div class="method-in-group">
                <span class="method-in-group-name">administratorsEdit</span>
                <br/>
              </div> <!-- method-in-group -->
              <div class="method-in-group">
                <span class="method-in-group-name">customerAdd</span>
                <br/>
              </div> <!-- method-in-group -->
              <div class="method-in-group">
                <span class="method-in-group-name">customerDelete</span>
                <br/>
              </div> <!-- method-in-group -->
              <div class="method-in-group">
                <span class="method-in-group-name">customerEdit</span>
                <br/>
              </div> <!-- method-in-group -->
              <div class="method-in-group">
                <span class="method-in-group-name">deliveryBoyAdd</span>
                <br/>
              </div> <!-- method-in-group -->
              <div class="method-in-group">
                <span class="method-in-group-name">deliveryBoyDelete</span>
                <br/>
              </div> <!-- method-in-group -->
              <div class="method-in-group">
                <span class="method-in-group-name">deliveryBoyEdit</span>
                <br/>
              </div> <!-- method-in-group -->
              <div class="method-in-group">
                <span class="method-in-group-name">employeeAdd</span>
                <br/>
              </div> <!-- method-in-group -->
              <div class="method-in-group">
                <span class="method-in-group-name">employeeDelete</span>
                <br/>
              </div> <!-- method-in-group -->
              <div class="method-in-group">
                <span class="method-in-group-name">employeeEdit</span>
                <br/>
              </div> <!-- method-in-group -->
            </div> <!-- test-group -->
          </div> <!-- main-panel-content rounded-window-bottom -->
        </div> <!-- panel -->
        <div panel-name="times-Retry_Failed_Tests_XML_Suite" class="panel">
          <div class="main-panel-header rounded-window-top">
            <span class="header-content">Times for Retry Failed Tests XML Suite</span>
          </div> <!-- main-panel-header rounded-window-top -->
          <div class="main-panel-content rounded-window-bottom">
            <div class="times-div">
              <script type="text/javascript">
suiteTableInitFunctions.push('tableData_Retry_Failed_Tests_XML_Suite');
function tableData_Retry_Failed_Tests_XML_Suite() {
var data = new google.visualization.DataTable();
data.addColumn('number', 'Number');
data.addColumn('string', 'Method');
data.addColumn('string', 'Class');
data.addColumn('number', 'Time (ms)');
data.addRows(20);
data.setCell(0, 0, 0)
data.setCell(0, 1, 'employeeAdd')
data.setCell(0, 2, 'testCases.TC030_EmployeeAddTest')
data.setCell(0, 3, 13493);
data.setCell(1, 0, 1)
data.setCell(1, 1, 'customerAdd')
data.setCell(1, 2, 'testCases.TC027_CustomerAddTest')
data.setCell(1, 3, 13452);
data.setCell(2, 0, 2)
data.setCell(2, 1, 'deliveryBoyAdd')
data.setCell(2, 2, 'testCases.TC024_DeliveryBoyAddTest')
data.setCell(2, 3, 13428);
data.setCell(3, 0, 3)
data.setCell(3, 1, 'administratorsAdd')
data.setCell(3, 2, 'testCases.TC021_AdministratorsAddTest')
data.setCell(3, 3, 13286);
data.setCell(4, 0, 4)
data.setCell(4, 1, 'administratorsAdd')
data.setCell(4, 2, 'testCases.TC021_AdministratorsAddTest')
data.setCell(4, 3, 10059);
data.setCell(5, 0, 5)
data.setCell(5, 1, 'employeeAdd')
data.setCell(5, 2, 'testCases.TC030_EmployeeAddTest')
data.setCell(5, 3, 10052);
data.setCell(6, 0, 6)
data.setCell(6, 1, 'customerAdd')
data.setCell(6, 2, 'testCases.TC027_CustomerAddTest')
data.setCell(6, 3, 10035);
data.setCell(7, 0, 7)
data.setCell(7, 1, 'deliveryBoyAdd')
data.setCell(7, 2, 'testCases.TC024_DeliveryBoyAddTest')
data.setCell(7, 3, 10032);
data.setCell(8, 0, 8)
data.setCell(8, 1, 'employeeAdd')
data.setCell(8, 2, 'testCases.TC030_EmployeeAddTest')
data.setCell(8, 3, 10028);
data.setCell(9, 0, 9)
data.setCell(9, 1, 'administratorsAdd')
data.setCell(9, 2, 'testCases.TC021_AdministratorsAddTest')
data.setCell(9, 3, 10020);
data.setCell(10, 0, 10)
data.setCell(10, 1, 'customerAdd')
data.setCell(10, 2, 'testCases.TC027_CustomerAddTest')
data.setCell(10, 3, 10012);
data.setCell(11, 0, 11)
data.setCell(11, 1, 'deliveryBoyAdd')
data.setCell(11, 2, 'testCases.TC024_DeliveryBoyAddTest')
data.setCell(11, 3, 10010);
data.setCell(12, 0, 12)
data.setCell(12, 1, 'administratorsEdit')
data.setCell(12, 2, 'testCases.TC022_AdministratorsEditTest')
data.setCell(12, 3, 0);
data.setCell(13, 0, 13)
data.setCell(13, 1, 'deliveryBoyEdit')
data.setCell(13, 2, 'testCases.TC025_DeliveryBoyEditTest')
data.setCell(13, 3, 0);
data.setCell(14, 0, 14)
data.setCell(14, 1, 'administratorsDelete')
data.setCell(14, 2, 'testCases.TC023_AdministratorsDeleteTest')
data.setCell(14, 3, 0);
data.setCell(15, 0, 15)
data.setCell(15, 1, 'deliveryBoyDelete')
data.setCell(15, 2, 'testCases.TC026_DeliveryBoyDeleteTest')
data.setCell(15, 3, 0);
data.setCell(16, 0, 16)
data.setCell(16, 1, 'customerDelete')
data.setCell(16, 2, 'testCases.TC029_CustomerDeleteTest')
data.setCell(16, 3, 0);
data.setCell(17, 0, 17)
data.setCell(17, 1, 'employeeEdit')
data.setCell(17, 2, 'testCases.TC031_EmployeeEditTest')
data.setCell(17, 3, 0);
data.setCell(18, 0, 18)
data.setCell(18, 1, 'employeeDelete')
data.setCell(18, 2, 'testCases.TC032_EmployeeDeleteTest')
data.setCell(18, 3, 0);
data.setCell(19, 0, 19)
data.setCell(19, 1, 'customerEdit')
data.setCell(19, 2, 'testCases.TC028_CustomerEditTest')
data.setCell(19, 3, 0);
window.suiteTableData['Retry_Failed_Tests_XML_Suite']= { tableData: data, tableDiv: 'times-div-Retry_Failed_Tests_XML_Suite'}
return data;
}
              </script>
              <span class="suite-total-time">Total running time: 2 minutes</span>
              <div id="times-div-Retry_Failed_Tests_XML_Suite">
              </div> <!-- times-div-Retry_Failed_Tests_XML_Suite -->
            </div> <!-- times-div -->
          </div> <!-- main-panel-content rounded-window-bottom -->
        </div> <!-- panel -->
        <div panel-name="reporter-Retry_Failed_Tests_XML_Suite" class="panel">
          <div class="main-panel-header rounded-window-top">
            <span class="header-content">Reporter output for Retry Failed Tests XML Suite</span>
          </div> <!-- main-panel-header rounded-window-top -->
          <div class="main-panel-content rounded-window-bottom">
          </div> <!-- main-panel-content rounded-window-bottom -->
        </div> <!-- panel -->
        <div panel-name="ignored-methods-Retry_Failed_Tests_XML_Suite" class="panel">
          <div class="main-panel-header rounded-window-top">
            <span class="header-content">0 ignored methods</span>
          </div> <!-- main-panel-header rounded-window-top -->
          <div class="main-panel-content rounded-window-bottom">
          </div> <!-- main-panel-content rounded-window-bottom -->
        </div> <!-- panel -->
        <div panel-name="chronological-Retry_Failed_Tests_XML_Suite" class="panel">
          <div class="main-panel-header rounded-window-top">
            <span class="header-content">Methods in chronological order</span>
          </div> <!-- main-panel-header rounded-window-top -->
          <div class="main-panel-content rounded-window-bottom">
            <div class="chronological-class">
              <div class="chronological-class-name">testCases.TC021_AdministratorsAddTest</div> <!-- chronological-class-name -->
              <div class="configuration-class before">
                <span class="method-name">setup</span>
                <span class="method-start">0 ms</span>
              </div> <!-- configuration-class before -->
              <div class="test-method">
                <span class="method-name">administratorsAdd</span>
                <span class="method-start">3278 ms</span>
              </div> <!-- test-method -->
              <div class="test-method">
                <span class="method-name">administratorsAdd</span>
                <span class="method-start">16566 ms</span>
              </div> <!-- test-method -->
              <div class="test-method">
                <img src="failed.png">
                </img>
                <span class="method-name">administratorsAdd</span>
                <span class="method-start">26627 ms</span>
              </div> <!-- test-method -->
              <div class="configuration-class after">
                <span class="method-name">tearDown</span>
                <span class="method-start">36649 ms</span>
              </div> <!-- configuration-class after -->
            </div> <!-- chronological-class -->
            <div class="chronological-class">
              <div class="chronological-class-name">testCases.TC022_AdministratorsEditTest</div> <!-- chronological-class-name -->
              <div class="configuration-class before">
                <span class="method-name">setup</span>
                <span class="method-start">36829 ms</span>
              </div> <!-- configuration-class before -->
              <div class="test-method">
                <span class="method-name">administratorsEdit</span>
                <span class="method-start">39079 ms</span>
              </div> <!-- test-method -->
              <div class="configuration-class after">
                <span class="method-name">tearDown</span>
                <span class="method-start">39081 ms</span>
              </div> <!-- configuration-class after -->
            </div> <!-- chronological-class -->
            <div class="chronological-class">
              <div class="chronological-class-name">testCases.TC023_AdministratorsDeleteTest</div> <!-- chronological-class-name -->
              <div class="configuration-class before">
                <span class="method-name">setup</span>
                <span class="method-start">39254 ms</span>
              </div> <!-- configuration-class before -->
              <div class="test-method">
                <span class="method-name">administratorsDelete</span>
                <span class="method-start">41811 ms</span>
              </div> <!-- test-method -->
              <div class="configuration-class after">
                <span class="method-name">tearDown</span>
                <span class="method-start">41815 ms</span>
              </div> <!-- configuration-class after -->
            </div> <!-- chronological-class -->
            <div class="chronological-class">
              <div class="chronological-class-name">testCases.TC024_DeliveryBoyAddTest</div> <!-- chronological-class-name -->
              <div class="configuration-class before">
                <span class="method-name">setup</span>
                <span class="method-start">41946 ms</span>
              </div> <!-- configuration-class before -->
              <div class="test-method">
                <span class="method-name">deliveryBoyAdd</span>
                <span class="method-start">44550 ms</span>
              </div> <!-- test-method -->
              <div class="test-method">
                <span class="method-name">deliveryBoyAdd</span>
                <span class="method-start">57979 ms</span>
              </div> <!-- test-method -->
              <div class="test-method">
                <img src="failed.png">
                </img>
                <span class="method-name">deliveryBoyAdd</span>
                <span class="method-start">67990 ms</span>
              </div> <!-- test-method -->
              <div class="configuration-class after">
                <span class="method-name">tearDown</span>
                <span class="method-start">78023 ms</span>
              </div> <!-- configuration-class after -->
            </div> <!-- chronological-class -->
            <div class="chronological-class">
              <div class="chronological-class-name">testCases.TC025_DeliveryBoyEditTest</div> <!-- chronological-class-name -->
              <div class="configuration-class before">
                <span class="method-name">setup</span>
                <span class="method-start">78216 ms</span>
              </div> <!-- configuration-class before -->
              <div class="test-method">
                <span class="method-name">deliveryBoyEdit</span>
                <span class="method-start">80680 ms</span>
              </div> <!-- test-method -->
              <div class="configuration-class after">
                <span class="method-name">tearDown</span>
                <span class="method-start">80682 ms</span>
              </div> <!-- configuration-class after -->
            </div> <!-- chronological-class -->
            <div class="chronological-class">
              <div class="chronological-class-name">testCases.TC026_DeliveryBoyDeleteTest</div> <!-- chronological-class-name -->
              <div class="configuration-class before">
                <span class="method-name">setup</span>
                <span class="method-start">80848 ms</span>
              </div> <!-- configuration-class before -->
              <div class="test-method">
                <span class="method-name">deliveryBoyDelete</span>
                <span class="method-start">83485 ms</span>
              </div> <!-- test-method -->
              <div class="configuration-class after">
                <span class="method-name">tearDown</span>
                <span class="method-start">83491 ms</span>
              </div> <!-- configuration-class after -->
            </div> <!-- chronological-class -->
            <div class="chronological-class">
              <div class="chronological-class-name">testCases.TC027_CustomerAddTest</div> <!-- chronological-class-name -->
              <div class="configuration-class before">
                <span class="method-name">setup</span>
                <span class="method-start">83679 ms</span>
              </div> <!-- configuration-class before -->
              <div class="test-method">
                <span class="method-name">customerAdd</span>
                <span class="method-start">87159 ms</span>
              </div> <!-- test-method -->
              <div class="test-method">
                <span class="method-name">customerAdd</span>
                <span class="method-start">100613 ms</span>
              </div> <!-- test-method -->
              <div class="test-method">
                <img src="failed.png">
                </img>
                <span class="method-name">customerAdd</span>
                <span class="method-start">110625 ms</span>
              </div> <!-- test-method -->
              <div class="configuration-class after">
                <span class="method-name">tearDown</span>
                <span class="method-start">120661 ms</span>
              </div> <!-- configuration-class after -->
            </div> <!-- chronological-class -->
            <div class="chronological-class">
              <div class="chronological-class-name">testCases.TC028_CustomerEditTest</div> <!-- chronological-class-name -->
              <div class="configuration-class before">
                <span class="method-name">setup</span>
                <span class="method-start">120825 ms</span>
              </div> <!-- configuration-class before -->
              <div class="test-method">
                <span class="method-name">customerEdit</span>
                <span class="method-start">123251 ms</span>
              </div> <!-- test-method -->
              <div class="configuration-class after">
                <span class="method-name">tearDown</span>
                <span class="method-start">123252 ms</span>
              </div> <!-- configuration-class after -->
            </div> <!-- chronological-class -->
            <div class="chronological-class">
              <div class="chronological-class-name">testCases.TC029_CustomerDeleteTest</div> <!-- chronological-class-name -->
              <div class="configuration-class before">
                <span class="method-name">setup</span>
                <span class="method-start">123399 ms</span>
              </div> <!-- configuration-class before -->
              <div class="test-method">
                <span class="method-name">customerDelete</span>
                <span class="method-start">126309 ms</span>
              </div> <!-- test-method -->
              <div class="configuration-class after">
                <span class="method-name">tearDown</span>
                <span class="method-start">126310 ms</span>
              </div> <!-- configuration-class after -->
            </div> <!-- chronological-class -->
            <div class="chronological-class">
              <div class="chronological-class-name">testCases.TC030_EmployeeAddTest</div> <!-- chronological-class-name -->
              <div class="configuration-class before">
                <span class="method-name">setup</span>
                <span class="method-start">126490 ms</span>
              </div> <!-- configuration-class before -->
              <div class="test-method">
                <span class="method-name">employeeAdd</span>
                <span class="method-start">129038 ms</span>
              </div> <!-- test-method -->
              <div class="test-method">
                <span class="method-name">employeeAdd</span>
                <span class="method-start">142532 ms</span>
              </div> <!-- test-method -->
              <div class="test-method">
                <img src="failed.png">
                </img>
                <span class="method-name">employeeAdd</span>
                <span class="method-start">152561 ms</span>
              </div> <!-- test-method -->
              <div class="configuration-class after">
                <span class="method-name">tearDown</span>
                <span class="method-start">162613 ms</span>
              </div> <!-- configuration-class after -->
            </div> <!-- chronological-class -->
            <div class="chronological-class">
              <div class="chronological-class-name">testCases.TC031_EmployeeEditTest</div> <!-- chronological-class-name -->
              <div class="configuration-class before">
                <span class="method-name">setup</span>
                <span class="method-start">162773 ms</span>
              </div> <!-- configuration-class before -->
              <div class="test-method">
                <span class="method-name">employeeEdit</span>
                <span class="method-start">165139 ms</span>
              </div> <!-- test-method -->
              <div class="configuration-class after">
                <span class="method-name">tearDown</span>
                <span class="method-start">165142 ms</span>
              </div> <!-- configuration-class after -->
            </div> <!-- chronological-class -->
            <div class="chronological-class">
              <div class="chronological-class-name">testCases.TC032_EmployeeDeleteTest</div> <!-- chronological-class-name -->
              <div class="configuration-class before">
                <span class="method-name">setup</span>
                <span class="method-start">165373 ms</span>
              </div> <!-- configuration-class before -->
              <div class="test-method">
                <span class="method-name">employeeDelete</span>
                <span class="method-start">167338 ms</span>
              </div> <!-- test-method -->
              <div class="configuration-class after">
                <span class="method-name">tearDown</span>
                <span class="method-start">167338 ms</span>
              </div> <!-- configuration-class after -->
          </div> <!-- main-panel-content rounded-window-bottom -->
        </div> <!-- panel -->
      </div> <!-- main-panel-root -->
    </div> <!-- wrapper -->
  </body>
<script type="text/javascript" src="testng-reports2.js"></script>
</html>
