<?xml version="1.0" encoding="UTF-8"?>
<!-- Generated by org.testng.reporters.JUnitReportReporter -->
<testsuite hostname="tahmid_anon" failures="1" tests="1" name="testCases.TC024_DeliveryBoyAddTest" time="2.774" errors="0" timestamp="2025-03-07T23:14:19 GMT+06:00" skipped="0">
  <testcase classname="testCases.TC024_DeliveryBoyAddTest" name="deliveryBoyAdd" time="2.774">
    <failure message="Test failed due to an exception: element click intercepted: Element &lt;span class=&quot;text-base flex-auto&quot;&gt;...&lt;/span&gt; is not clickable at point (143, 806). Other element would receive the click: &lt;div data-v-2964abc9=&quot;&quot; class=&quot;velmld-full-screen velmld-overlay&quot; style=&quot;background-color: rgba(255, 255, 255, 0.9);&quot;&gt;...&lt;/div&gt;
  (Session info: chrome=134.0.6998.36)
Build info: version: &#039;4.29.0&#039;, revision: &#039;5fc1ec94cb&#039;
System info: os.name: &#039;Windows 11&#039;, os.arch: &#039;amd64&#039;, os.version: &#039;10.0&#039;, java.version: &#039;23.0.1&#039;
Driver info: org.openqa.selenium.chrome.ChromeDriver
Command: [a7da8b325a4cbf3ce703710a06fa282a, clickElement {id=f.90211E9AC2512E0DE6030F3A89B2A9C1.d.281E0B8FEA06E3FEC984491F137276FB.e.154}]
Capabilities {acceptInsecureCerts: false, browserName: chrome, browserVersion: 134.0.6998.36, chrome: {chromedriverVersion: 134.0.6998.35 (ea6ef4c2ac15..., userDataDir: C:\Users\tahmi\AppData\Loca...}, fedcm:accounts: true, goog:chromeOptions: {debuggerAddress: localhost:57869}, networkConnectionEnabled: false, pageLoadStrategy: normal, platformName: windows, proxy: Proxy(), se:cdp: ws://localhost:57869/devtoo..., se:cdpVersion: 134.0.6998.36, setWindowRect: true, strictFileInteractability: false, timeouts: {implicit: 0, pageLoad: 300000, script: 30000}, unhandledPromptBehavior: dismiss and notify, webauthn:extension:credBlob: true, webauthn:extension:largeBlob: true, webauthn:extension:minPinLength: true, webauthn:extension:prf: true, webauthn:virtualAuthenticators: true}
Element: [[ChromeDriver: chrome on windows (a7da8b325a4cbf3ce703710a06fa282a)] -&gt; xpath: (//span[normalize-space()=&#039;Delivery Boys&#039;])[1]]
Session ID: a7da8b325a4cbf3ce703710a06fa282a" type="java.lang.AssertionError">
      <![CDATA[java.lang.AssertionError: Test failed due to an exception: element click intercepted: Element <span class="text-base flex-auto">...</span> is not clickable at point (143, 806). Other element would receive the click: <div data-v-2964abc9="" class="velmld-full-screen velmld-overlay" style="background-color: rgba(255, 255, 255, 0.9);">...</div>
  (Session info: chrome=134.0.6998.36)
Build info: version: '4.29.0', revision: '5fc1ec94cb'
System info: os.name: 'Windows 11', os.arch: 'amd64', os.version: '10.0', java.version: '23.0.1'
Driver info: org.openqa.selenium.chrome.ChromeDriver
Command: [a7da8b325a4cbf3ce703710a06fa282a, clickElement {id=f.90211E9AC2512E0DE6030F3A89B2A9C1.d.281E0B8FEA06E3FEC984491F137276FB.e.154}]
Capabilities {acceptInsecureCerts: false, browserName: chrome, browserVersion: 134.0.6998.36, chrome: {chromedriverVersion: 134.0.6998.35 (ea6ef4c2ac15..., userDataDir: C:\Users\tahmi\AppData\Loca...}, fedcm:accounts: true, goog:chromeOptions: {debuggerAddress: localhost:57869}, networkConnectionEnabled: false, pageLoadStrategy: normal, platformName: windows, proxy: Proxy(), se:cdp: ws://localhost:57869/devtoo..., se:cdpVersion: 134.0.6998.36, setWindowRect: true, strictFileInteractability: false, timeouts: {implicit: 0, pageLoad: 300000, script: 30000}, unhandledPromptBehavior: dismiss and notify, webauthn:extension:credBlob: true, webauthn:extension:largeBlob: true, webauthn:extension:minPinLength: true, webauthn:extension:prf: true, webauthn:virtualAuthenticators: true}
Element: [[ChromeDriver: chrome on windows (a7da8b325a4cbf3ce703710a06fa282a)] -> xpath: (//span[normalize-space()='Delivery Boys'])[1]]
Session ID: a7da8b325a4cbf3ce703710a06fa282a
at org.testng.Assert.fail(Assert.java:99)
at testCases.TC024_DeliveryBoyAddTest.deliveryBoyAdd(TC024_DeliveryBoyAddTest.java:58)
at java.base/jdk.internal.reflect.DirectMethodHandleAccessor.invoke(DirectMethodHandleAccessor.java:103)
at java.base/java.lang.reflect.Method.invoke(Method.java:580)
at org.testng.internal.MethodInvocationHelper.invokeMethod(MethodInvocationHelper.java:133)
at org.testng.internal.TestInvoker.invokeMethod(TestInvoker.java:598)
at org.testng.internal.TestInvoker.invokeTestMethod(TestInvoker.java:173)
at org.testng.internal.MethodRunner.runInSequence(MethodRunner.java:46)
at org.testng.internal.TestInvoker$MethodInvocationAgent.invoke(TestInvoker.java:824)
at org.testng.internal.TestInvoker.invokeTestMethods(TestInvoker.java:146)
at org.testng.internal.TestMethodWorker.invokeTestMethods(TestMethodWorker.java:146)
at org.testng.internal.TestMethodWorker.run(TestMethodWorker.java:128)
at java.base/java.util.ArrayList.forEach(ArrayList.java:1597)
at org.testng.TestRunner.privateRun(TestRunner.java:794)
at org.testng.TestRunner.run(TestRunner.java:596)
at org.testng.SuiteRunner.runTest(SuiteRunner.java:377)
at org.testng.SuiteRunner.runSequentially(SuiteRunner.java:371)
at org.testng.SuiteRunner.privateRun(SuiteRunner.java:332)
at org.testng.SuiteRunner.run(SuiteRunner.java:276)
at org.testng.SuiteRunnerWorker.runSuite(SuiteRunnerWorker.java:53)
at org.testng.SuiteRunnerWorker.run(SuiteRunnerWorker.java:96)
at org.testng.TestNG.runSuitesSequentially(TestNG.java:1212)
at org.testng.TestNG.runSuitesLocally(TestNG.java:1134)
at org.testng.TestNG.runSuites(TestNG.java:1063)
at org.testng.TestNG.run(TestNG.java:1031)
at org.testng.remote.AbstractRemoteTestNG.run(AbstractRemoteTestNG.java:115)
at org.testng.remote.RemoteTestNG.initAndRun(RemoteTestNG.java:293)
at org.testng.remote.RemoteTestNG.main(RemoteTestNG.java:91)
]]>
    </failure>
  </testcase> <!-- deliveryBoyAdd -->
  <system-out/>
</testsuite> <!-- testCases.TC024_DeliveryBoyAddTest -->
